2025-12-15 13:36:49,824 Sign-IDD: Iconicity Disentangled Diffusion for Sign Language Production
2025-12-15 13:36:49,827 Total params: 34387193
2025-12-15 13:36:49,827 Trainable parameters: ['ACD.ACD_Denoiser.layer_norm.bias', 'ACD.ACD_Denoiser.layer_norm.weight', 'ACD.ACD_Denoiser.layer_norm_mid.bias', 'ACD.ACD_Denoiser.layer_norm_mid.weight', 'ACD.ACD_Denoiser.layers_mha_ac.dec_layer_norm.bias', 'ACD.ACD_Denoiser.layers_mha_ac.dec_layer_norm.weight', 'ACD.ACD_Denoiser.layers_mha_ac.feed_forward.layer_norm.bias', 'ACD.ACD_Denoiser.layers_mha_ac.feed_forward.layer_norm.weight', 'ACD.ACD_Denoiser.layers_mha_ac.feed_forward.pwff_layer.0.bias', 'ACD.ACD_Denoiser.layers_mha_ac.feed_forward.pwff_layer.0.weight', 'ACD.ACD_Denoiser.layers_mha_ac.feed_forward.pwff_layer.3.bias', 'ACD.ACD_Denoiser.layers_mha_ac.feed_forward.pwff_layer.3.weight', 'ACD.ACD_Denoiser.layers_mha_ac.src_trg_att.k_layer.bias', 'ACD.ACD_Denoiser.layers_mha_ac.src_trg_att.k_layer.weight', 'ACD.ACD_Denoiser.layers_mha_ac.src_trg_att.output_layer.bias', 'ACD.ACD_Denoiser.layers_mha_ac.src_trg_att.output_layer.weight', 'ACD.ACD_Denoiser.layers_mha_ac.src_trg_att.q_layer.bias', 'ACD.ACD_Denoiser.layers_mha_ac.src_trg_att.q_layer.weight', 'ACD.ACD_Denoiser.layers_mha_ac.src_trg_att.v_layer.bias', 'ACD.ACD_Denoiser.layers_mha_ac.src_trg_att.v_layer.weight', 'ACD.ACD_Denoiser.layers_mha_ac.trg_trg_att.k_layer.bias', 'ACD.ACD_Denoiser.layers_mha_ac.trg_trg_att.k_layer.weight', 'ACD.ACD_Denoiser.layers_mha_ac.trg_trg_att.output_layer.bias', 'ACD.ACD_Denoiser.layers_mha_ac.trg_trg_att.output_layer.weight', 'ACD.ACD_Denoiser.layers_mha_ac.trg_trg_att.q_layer.bias', 'ACD.ACD_Denoiser.layers_mha_ac.trg_trg_att.q_layer.weight', 'ACD.ACD_Denoiser.layers_mha_ac.trg_trg_att.v_layer.bias', 'ACD.ACD_Denoiser.layers_mha_ac.trg_trg_att.v_layer.weight', 'ACD.ACD_Denoiser.layers_mha_ac.x_layer_norm.bias', 'ACD.ACD_Denoiser.layers_mha_ac.x_layer_norm.weight', 'ACD.ACD_Denoiser.layers_pose_condition.dec_layer_norm.bias', 'ACD.ACD_Denoiser.layers_pose_condition.dec_layer_norm.weight', 'ACD.ACD_Denoiser.layers_pose_condition.feed_forward.layer_norm.bias', 'ACD.ACD_Denoiser.layers_pose_condition.feed_forward.layer_norm.weight', 'ACD.ACD_Denoiser.layers_pose_condition.feed_forward.pwff_layer.0.bias', 'ACD.ACD_Denoiser.layers_pose_condition.feed_forward.pwff_layer.0.weight', 'ACD.ACD_Denoiser.layers_pose_condition.feed_forward.pwff_layer.3.bias', 'ACD.ACD_Denoiser.layers_pose_condition.feed_forward.pwff_layer.3.weight', 'ACD.ACD_Denoiser.layers_pose_condition.src_trg_att.k_layer.bias', 'ACD.ACD_Denoiser.layers_pose_condition.src_trg_att.k_layer.weight', 'ACD.ACD_Denoiser.layers_pose_condition.src_trg_att.output_layer.bias', 'ACD.ACD_Denoiser.layers_pose_condition.src_trg_att.output_layer.weight', 'ACD.ACD_Denoiser.layers_pose_condition.src_trg_att.q_layer.bias', 'ACD.ACD_Denoiser.layers_pose_condition.src_trg_att.q_layer.weight', 'ACD.ACD_Denoiser.layers_pose_condition.src_trg_att.v_layer.bias', 'ACD.ACD_Denoiser.layers_pose_condition.src_trg_att.v_layer.weight', 'ACD.ACD_Denoiser.layers_pose_condition.trg_trg_att.k_layer.bias', 'ACD.ACD_Denoiser.layers_pose_condition.trg_trg_att.k_layer.weight', 'ACD.ACD_Denoiser.layers_pose_condition.trg_trg_att.output_layer.bias', 'ACD.ACD_Denoiser.layers_pose_condition.trg_trg_att.output_layer.weight', 'ACD.ACD_Denoiser.layers_pose_condition.trg_trg_att.q_layer.bias', 'ACD.ACD_Denoiser.layers_pose_condition.trg_trg_att.q_layer.weight', 'ACD.ACD_Denoiser.layers_pose_condition.trg_trg_att.v_layer.bias', 'ACD.ACD_Denoiser.layers_pose_condition.trg_trg_att.v_layer.weight', 'ACD.ACD_Denoiser.layers_pose_condition.x_layer_norm.bias', 'ACD.ACD_Denoiser.layers_pose_condition.x_layer_norm.weight', 'ACD.ACD_Denoiser.o1_embed.bias', 'ACD.ACD_Denoiser.o1_embed.weight', 'ACD.ACD_Denoiser.o2_embed.bias', 'ACD.ACD_Denoiser.o2_embed.weight', 'ACD.ACD_Denoiser.output_layer.weight', 'ACD.ACD_Denoiser.output_layer_mid.weight', 'ACD.ACD_Denoiser.time_mlp.1.bias', 'ACD.ACD_Denoiser.time_mlp.1.weight', 'ACD.ACD_Denoiser.time_mlp.3.bias', 'ACD.ACD_Denoiser.time_mlp.3.weight', 'ACD.ACD_Denoiser.trg_embed.bias', 'ACD.ACD_Denoiser.trg_embed.weight', 'ACD.fusion_layer.bias', 'ACD.fusion_layer.weight', 'ACD.mixste_encoder.STEblocks.0.attn.proj.bias', 'ACD.mixste_encoder.STEblocks.0.attn.proj.weight', 'ACD.mixste_encoder.STEblocks.0.attn.qkv.bias', 'ACD.mixste_encoder.STEblocks.0.attn.qkv.weight', 'ACD.mixste_encoder.STEblocks.0.mlp.fc1.bias', 'ACD.mixste_encoder.STEblocks.0.mlp.fc1.weight', 'ACD.mixste_encoder.STEblocks.0.mlp.fc2.bias', 'ACD.mixste_encoder.STEblocks.0.mlp.fc2.weight', 'ACD.mixste_encoder.STEblocks.0.norm1.bias', 'ACD.mixste_encoder.STEblocks.0.norm1.weight', 'ACD.mixste_encoder.STEblocks.0.norm2.bias', 'ACD.mixste_encoder.STEblocks.0.norm2.weight', 'ACD.mixste_encoder.STEblocks.1.attn.proj.bias', 'ACD.mixste_encoder.STEblocks.1.attn.proj.weight', 'ACD.mixste_encoder.STEblocks.1.attn.qkv.bias', 'ACD.mixste_encoder.STEblocks.1.attn.qkv.weight', 'ACD.mixste_encoder.STEblocks.1.mlp.fc1.bias', 'ACD.mixste_encoder.STEblocks.1.mlp.fc1.weight', 'ACD.mixste_encoder.STEblocks.1.mlp.fc2.bias', 'ACD.mixste_encoder.STEblocks.1.mlp.fc2.weight', 'ACD.mixste_encoder.STEblocks.1.norm1.bias', 'ACD.mixste_encoder.STEblocks.1.norm1.weight', 'ACD.mixste_encoder.STEblocks.1.norm2.bias', 'ACD.mixste_encoder.STEblocks.1.norm2.weight', 'ACD.mixste_encoder.STEblocks.2.attn.proj.bias', 'ACD.mixste_encoder.STEblocks.2.attn.proj.weight', 'ACD.mixste_encoder.STEblocks.2.attn.qkv.bias', 'ACD.mixste_encoder.STEblocks.2.attn.qkv.weight', 'ACD.mixste_encoder.STEblocks.2.mlp.fc1.bias', 'ACD.mixste_encoder.STEblocks.2.mlp.fc1.weight', 'ACD.mixste_encoder.STEblocks.2.mlp.fc2.bias', 'ACD.mixste_encoder.STEblocks.2.mlp.fc2.weight', 'ACD.mixste_encoder.STEblocks.2.norm1.bias', 'ACD.mixste_encoder.STEblocks.2.norm1.weight', 'ACD.mixste_encoder.STEblocks.2.norm2.bias', 'ACD.mixste_encoder.STEblocks.2.norm2.weight', 'ACD.mixste_encoder.STEblocks.3.attn.proj.bias', 'ACD.mixste_encoder.STEblocks.3.attn.proj.weight', 'ACD.mixste_encoder.STEblocks.3.attn.qkv.bias', 'ACD.mixste_encoder.STEblocks.3.attn.qkv.weight', 'ACD.mixste_encoder.STEblocks.3.mlp.fc1.bias', 'ACD.mixste_encoder.STEblocks.3.mlp.fc1.weight', 'ACD.mixste_encoder.STEblocks.3.mlp.fc2.bias', 'ACD.mixste_encoder.STEblocks.3.mlp.fc2.weight', 'ACD.mixste_encoder.STEblocks.3.norm1.bias', 'ACD.mixste_encoder.STEblocks.3.norm1.weight', 'ACD.mixste_encoder.STEblocks.3.norm2.bias', 'ACD.mixste_encoder.STEblocks.3.norm2.weight', 'ACD.mixste_encoder.Spatial_norm.bias', 'ACD.mixste_encoder.Spatial_norm.weight', 'ACD.mixste_encoder.Spatial_patch_to_embedding.bias', 'ACD.mixste_encoder.Spatial_patch_to_embedding.weight', 'ACD.mixste_encoder.Spatial_pos_embed', 'ACD.mixste_encoder.TTEblocks.0.attn.proj.bias', 'ACD.mixste_encoder.TTEblocks.0.attn.proj.weight', 'ACD.mixste_encoder.TTEblocks.0.attn.qkv.bias', 'ACD.mixste_encoder.TTEblocks.0.attn.qkv.weight', 'ACD.mixste_encoder.TTEblocks.0.mlp.fc1.bias', 'ACD.mixste_encoder.TTEblocks.0.mlp.fc1.weight', 'ACD.mixste_encoder.TTEblocks.0.mlp.fc2.bias', 'ACD.mixste_encoder.TTEblocks.0.mlp.fc2.weight', 'ACD.mixste_encoder.TTEblocks.0.norm1.bias', 'ACD.mixste_encoder.TTEblocks.0.norm1.weight', 'ACD.mixste_encoder.TTEblocks.0.norm2.bias', 'ACD.mixste_encoder.TTEblocks.0.norm2.weight', 'ACD.mixste_encoder.TTEblocks.1.attn.proj.bias', 'ACD.mixste_encoder.TTEblocks.1.attn.proj.weight', 'ACD.mixste_encoder.TTEblocks.1.attn.qkv.bias', 'ACD.mixste_encoder.TTEblocks.1.attn.qkv.weight', 'ACD.mixste_encoder.TTEblocks.1.mlp.fc1.bias', 'ACD.mixste_encoder.TTEblocks.1.mlp.fc1.weight', 'ACD.mixste_encoder.TTEblocks.1.mlp.fc2.bias', 'ACD.mixste_encoder.TTEblocks.1.mlp.fc2.weight', 'ACD.mixste_encoder.TTEblocks.1.norm1.bias', 'ACD.mixste_encoder.TTEblocks.1.norm1.weight', 'ACD.mixste_encoder.TTEblocks.1.norm2.bias', 'ACD.mixste_encoder.TTEblocks.1.norm2.weight', 'ACD.mixste_encoder.TTEblocks.2.attn.proj.bias', 'ACD.mixste_encoder.TTEblocks.2.attn.proj.weight', 'ACD.mixste_encoder.TTEblocks.2.attn.qkv.bias', 'ACD.mixste_encoder.TTEblocks.2.attn.qkv.weight', 'ACD.mixste_encoder.TTEblocks.2.mlp.fc1.bias', 'ACD.mixste_encoder.TTEblocks.2.mlp.fc1.weight', 'ACD.mixste_encoder.TTEblocks.2.mlp.fc2.bias', 'ACD.mixste_encoder.TTEblocks.2.mlp.fc2.weight', 'ACD.mixste_encoder.TTEblocks.2.norm1.bias', 'ACD.mixste_encoder.TTEblocks.2.norm1.weight', 'ACD.mixste_encoder.TTEblocks.2.norm2.bias', 'ACD.mixste_encoder.TTEblocks.2.norm2.weight', 'ACD.mixste_encoder.TTEblocks.3.attn.proj.bias', 'ACD.mixste_encoder.TTEblocks.3.attn.proj.weight', 'ACD.mixste_encoder.TTEblocks.3.attn.qkv.bias', 'ACD.mixste_encoder.TTEblocks.3.attn.qkv.weight', 'ACD.mixste_encoder.TTEblocks.3.mlp.fc1.bias', 'ACD.mixste_encoder.TTEblocks.3.mlp.fc1.weight', 'ACD.mixste_encoder.TTEblocks.3.mlp.fc2.bias', 'ACD.mixste_encoder.TTEblocks.3.mlp.fc2.weight', 'ACD.mixste_encoder.TTEblocks.3.norm1.bias', 'ACD.mixste_encoder.TTEblocks.3.norm1.weight', 'ACD.mixste_encoder.TTEblocks.3.norm2.bias', 'ACD.mixste_encoder.TTEblocks.3.norm2.weight', 'ACD.mixste_encoder.Temporal_norm.bias', 'ACD.mixste_encoder.Temporal_norm.weight', 'ACD.mixste_encoder._temporal_pos_embed', 'ACD.mixste_encoder.output_proj.0.bias', 'ACD.mixste_encoder.output_proj.0.weight', 'ACD.mixste_encoder.output_proj.1.bias', 'ACD.mixste_encoder.output_proj.1.weight', 'encoder.layer_norm.bias', 'encoder.layer_norm.weight', 'encoder.layers.0.feed_forward.layer_norm.bias', 'encoder.layers.0.feed_forward.layer_norm.weight', 'encoder.layers.0.feed_forward.pwff_layer.0.bias', 'encoder.layers.0.feed_forward.pwff_layer.0.weight', 'encoder.layers.0.feed_forward.pwff_layer.3.bias', 'encoder.layers.0.feed_forward.pwff_layer.3.weight', 'encoder.layers.0.layer_norm.bias', 'encoder.layers.0.layer_norm.weight', 'encoder.layers.0.src_src_att.k_layer.bias', 'encoder.layers.0.src_src_att.k_layer.weight', 'encoder.layers.0.src_src_att.output_layer.bias', 'encoder.layers.0.src_src_att.output_layer.weight', 'encoder.layers.0.src_src_att.q_layer.bias', 'encoder.layers.0.src_src_att.q_layer.weight', 'encoder.layers.0.src_src_att.v_layer.bias', 'encoder.layers.0.src_src_att.v_layer.weight', 'encoder.layers.1.feed_forward.layer_norm.bias', 'encoder.layers.1.feed_forward.layer_norm.weight', 'encoder.layers.1.feed_forward.pwff_layer.0.bias', 'encoder.layers.1.feed_forward.pwff_layer.0.weight', 'encoder.layers.1.feed_forward.pwff_layer.3.bias', 'encoder.layers.1.feed_forward.pwff_layer.3.weight', 'encoder.layers.1.layer_norm.bias', 'encoder.layers.1.layer_norm.weight', 'encoder.layers.1.src_src_att.k_layer.bias', 'encoder.layers.1.src_src_att.k_layer.weight', 'encoder.layers.1.src_src_att.output_layer.bias', 'encoder.layers.1.src_src_att.output_layer.weight', 'encoder.layers.1.src_src_att.q_layer.bias', 'encoder.layers.1.src_src_att.q_layer.weight', 'encoder.layers.1.src_src_att.v_layer.bias', 'encoder.layers.1.src_src_att.v_layer.weight', 'src_embed.lut.weight']
2025-12-15 13:36:50,541 cfg.data.src                       : gloss
2025-12-15 13:36:50,542 cfg.data.trg                       : skels
2025-12-15 13:36:50,542 cfg.data.files                     : files
2025-12-15 13:36:50,542 cfg.data.train                     : /home/user/Projects/Data/new_phoenix/train
2025-12-15 13:36:50,542 cfg.data.dev                       : /home/user/Projects/Data/new_phoenix/dev
2025-12-15 13:36:50,542 cfg.data.test                      : /home/user/Projects/Data/new_phoenix/test
2025-12-15 13:36:50,542 cfg.data.max_sent_length           : 300
2025-12-15 13:36:50,542 cfg.data.skip_frames               : 1
2025-12-15 13:36:50,542 cfg.data.src_vocab                 : /home/user/Projects/research/Sign-IDD-VAE/Configs/src_vocab.txt
2025-12-15 13:36:50,542 cfg.training.random_seed           : 27
2025-12-15 13:36:50,542 cfg.training.optimizer             : adam
2025-12-15 13:36:50,542 cfg.training.learning_rate         : 0.001
2025-12-15 13:36:50,542 cfg.training.learning_rate_min     : 0.0002
2025-12-15 13:36:50,542 cfg.training.weight_decay          : 0.0
2025-12-15 13:36:50,542 cfg.training.clip_grad_norm        : 5.0
2025-12-15 13:36:50,542 cfg.training.batch_size            : 64
2025-12-15 13:36:50,542 cfg.training.scheduling            : plateau
2025-12-15 13:36:50,542 cfg.training.patience              : 7
2025-12-15 13:36:50,542 cfg.training.decrease_factor       : 0.7
2025-12-15 13:36:50,542 cfg.training.early_stopping_metric : dtw
2025-12-15 13:36:50,542 cfg.training.epochs                : 20000
2025-12-15 13:36:50,542 cfg.training.validation_freq       : 2000
2025-12-15 13:36:50,542 cfg.training.logging_freq          : 250
2025-12-15 13:36:50,542 cfg.training.eval_metric           : dtw
2025-12-15 13:36:50,542 cfg.training.model_dir             : ./Models/Sign-MixSTE-IDD
2025-12-15 13:36:50,542 cfg.training.overwrite             : False
2025-12-15 13:36:50,542 cfg.training.continue              : True
2025-12-15 13:36:50,542 cfg.training.shuffle               : True
2025-12-15 13:36:50,542 cfg.training.use_cuda              : True
2025-12-15 13:36:50,542 cfg.training.max_output_length     : 300
2025-12-15 13:36:50,542 cfg.training.keep_last_ckpts       : 1
2025-12-15 13:36:50,542 cfg.training.loss                  : L1
2025-12-15 13:36:50,542 cfg.training.bone_loss             : MSE
2025-12-15 13:36:50,542 cfg.model.initializer              : xavier
2025-12-15 13:36:50,542 cfg.model.bias_initializer         : zeros
2025-12-15 13:36:50,542 cfg.model.embed_initializer        : xavier
2025-12-15 13:36:50,542 cfg.model.trg_size                 : 150
2025-12-15 13:36:50,542 cfg.model.just_count_in            : False
2025-12-15 13:36:50,542 cfg.model.gaussian_noise           : False
2025-12-15 13:36:50,542 cfg.model.noise_rate               : 5
2025-12-15 13:36:50,542 cfg.model.future_prediction        : 0
2025-12-15 13:36:50,543 cfg.model.encoder.type             : transformer
2025-12-15 13:36:50,543 cfg.model.encoder.num_layers       : 2
2025-12-15 13:36:50,543 cfg.model.encoder.num_heads        : 4
2025-12-15 13:36:50,543 cfg.model.encoder.embeddings.embedding_dim : 512
2025-12-15 13:36:50,543 cfg.model.encoder.embeddings.dropout : 0.0
2025-12-15 13:36:50,543 cfg.model.encoder.hidden_size      : 512
2025-12-15 13:36:50,543 cfg.model.encoder.ff_size          : 2048
2025-12-15 13:36:50,543 cfg.model.encoder.dropout          : 0.0
2025-12-15 13:36:50,543 cfg.model.diffusion.timesteps      : 1000
2025-12-15 13:36:50,543 cfg.model.diffusion.sampling_timesteps : 5
2025-12-15 13:36:50,543 cfg.model.diffusion.scale          : 1.0
2025-12-15 13:36:50,543 cfg.model.diffusion.num_layers     : 2
2025-12-15 13:36:50,543 cfg.model.diffusion.num_heads      : 4
2025-12-15 13:36:50,543 cfg.model.diffusion.hidden_size    : 512
2025-12-15 13:36:50,543 cfg.model.diffusion.ff_size        : 2048
2025-12-15 13:36:50,543 cfg.model.diffusion.dropout        : 0.1
2025-12-15 13:36:50,543 cfg.model.diffusion.embeddings.embedding_dim : 512
2025-12-15 13:36:50,543 cfg.model.diffusion.embeddings.dropout : 0.1
2025-12-15 13:36:50,543 cfg.model.mixste.embed_dim         : 512
2025-12-15 13:36:50,543 cfg.model.mixste.depth             : 4
2025-12-15 13:36:50,543 cfg.model.mixste.num_heads         : 4
2025-12-15 13:36:50,543 cfg.model.mixste.mlp_ratio         : 2.0
2025-12-15 13:36:50,543 cfg.model.mixste.drop_rate         : 0.1
2025-12-15 13:36:50,543 cfg.model.mixste.attn_drop_rate    : 0.0
2025-12-15 13:36:50,543 cfg.model.mixste.drop_path_rate    : 0.1
2025-12-15 13:36:50,543 EPOCH 1
2025-12-15 13:44:17,233 Sign-IDD: Iconicity Disentangled Diffusion for Sign Language Production
2025-12-15 13:44:17,235 Total params: 34233593
2025-12-15 13:44:17,235 Trainable parameters: ['ACD.ACD_Denoiser.layer_norm.bias', 'ACD.ACD_Denoiser.layer_norm.weight', 'ACD.ACD_Denoiser.layer_norm_mid.bias', 'ACD.ACD_Denoiser.layer_norm_mid.weight', 'ACD.ACD_Denoiser.layers_mha_ac.dec_layer_norm.bias', 'ACD.ACD_Denoiser.layers_mha_ac.dec_layer_norm.weight', 'ACD.ACD_Denoiser.layers_mha_ac.feed_forward.layer_norm.bias', 'ACD.ACD_Denoiser.layers_mha_ac.feed_forward.layer_norm.weight', 'ACD.ACD_Denoiser.layers_mha_ac.feed_forward.pwff_layer.0.bias', 'ACD.ACD_Denoiser.layers_mha_ac.feed_forward.pwff_layer.0.weight', 'ACD.ACD_Denoiser.layers_mha_ac.feed_forward.pwff_layer.3.bias', 'ACD.ACD_Denoiser.layers_mha_ac.feed_forward.pwff_layer.3.weight', 'ACD.ACD_Denoiser.layers_mha_ac.src_trg_att.k_layer.bias', 'ACD.ACD_Denoiser.layers_mha_ac.src_trg_att.k_layer.weight', 'ACD.ACD_Denoiser.layers_mha_ac.src_trg_att.output_layer.bias', 'ACD.ACD_Denoiser.layers_mha_ac.src_trg_att.output_layer.weight', 'ACD.ACD_Denoiser.layers_mha_ac.src_trg_att.q_layer.bias', 'ACD.ACD_Denoiser.layers_mha_ac.src_trg_att.q_layer.weight', 'ACD.ACD_Denoiser.layers_mha_ac.src_trg_att.v_layer.bias', 'ACD.ACD_Denoiser.layers_mha_ac.src_trg_att.v_layer.weight', 'ACD.ACD_Denoiser.layers_mha_ac.trg_trg_att.k_layer.bias', 'ACD.ACD_Denoiser.layers_mha_ac.trg_trg_att.k_layer.weight', 'ACD.ACD_Denoiser.layers_mha_ac.trg_trg_att.output_layer.bias', 'ACD.ACD_Denoiser.layers_mha_ac.trg_trg_att.output_layer.weight', 'ACD.ACD_Denoiser.layers_mha_ac.trg_trg_att.q_layer.bias', 'ACD.ACD_Denoiser.layers_mha_ac.trg_trg_att.q_layer.weight', 'ACD.ACD_Denoiser.layers_mha_ac.trg_trg_att.v_layer.bias', 'ACD.ACD_Denoiser.layers_mha_ac.trg_trg_att.v_layer.weight', 'ACD.ACD_Denoiser.layers_mha_ac.x_layer_norm.bias', 'ACD.ACD_Denoiser.layers_mha_ac.x_layer_norm.weight', 'ACD.ACD_Denoiser.layers_pose_condition.dec_layer_norm.bias', 'ACD.ACD_Denoiser.layers_pose_condition.dec_layer_norm.weight', 'ACD.ACD_Denoiser.layers_pose_condition.feed_forward.layer_norm.bias', 'ACD.ACD_Denoiser.layers_pose_condition.feed_forward.layer_norm.weight', 'ACD.ACD_Denoiser.layers_pose_condition.feed_forward.pwff_layer.0.bias', 'ACD.ACD_Denoiser.layers_pose_condition.feed_forward.pwff_layer.0.weight', 'ACD.ACD_Denoiser.layers_pose_condition.feed_forward.pwff_layer.3.bias', 'ACD.ACD_Denoiser.layers_pose_condition.feed_forward.pwff_layer.3.weight', 'ACD.ACD_Denoiser.layers_pose_condition.src_trg_att.k_layer.bias', 'ACD.ACD_Denoiser.layers_pose_condition.src_trg_att.k_layer.weight', 'ACD.ACD_Denoiser.layers_pose_condition.src_trg_att.output_layer.bias', 'ACD.ACD_Denoiser.layers_pose_condition.src_trg_att.output_layer.weight', 'ACD.ACD_Denoiser.layers_pose_condition.src_trg_att.q_layer.bias', 'ACD.ACD_Denoiser.layers_pose_condition.src_trg_att.q_layer.weight', 'ACD.ACD_Denoiser.layers_pose_condition.src_trg_att.v_layer.bias', 'ACD.ACD_Denoiser.layers_pose_condition.src_trg_att.v_layer.weight', 'ACD.ACD_Denoiser.layers_pose_condition.trg_trg_att.k_layer.bias', 'ACD.ACD_Denoiser.layers_pose_condition.trg_trg_att.k_layer.weight', 'ACD.ACD_Denoiser.layers_pose_condition.trg_trg_att.output_layer.bias', 'ACD.ACD_Denoiser.layers_pose_condition.trg_trg_att.output_layer.weight', 'ACD.ACD_Denoiser.layers_pose_condition.trg_trg_att.q_layer.bias', 'ACD.ACD_Denoiser.layers_pose_condition.trg_trg_att.q_layer.weight', 'ACD.ACD_Denoiser.layers_pose_condition.trg_trg_att.v_layer.bias', 'ACD.ACD_Denoiser.layers_pose_condition.trg_trg_att.v_layer.weight', 'ACD.ACD_Denoiser.layers_pose_condition.x_layer_norm.bias', 'ACD.ACD_Denoiser.layers_pose_condition.x_layer_norm.weight', 'ACD.ACD_Denoiser.o1_embed.bias', 'ACD.ACD_Denoiser.o1_embed.weight', 'ACD.ACD_Denoiser.o2_embed.bias', 'ACD.ACD_Denoiser.o2_embed.weight', 'ACD.ACD_Denoiser.output_layer.weight', 'ACD.ACD_Denoiser.output_layer_mid.weight', 'ACD.ACD_Denoiser.time_mlp.1.bias', 'ACD.ACD_Denoiser.time_mlp.1.weight', 'ACD.ACD_Denoiser.time_mlp.3.bias', 'ACD.ACD_Denoiser.time_mlp.3.weight', 'ACD.ACD_Denoiser.trg_embed.bias', 'ACD.ACD_Denoiser.trg_embed.weight', 'ACD.fusion_layer.bias', 'ACD.fusion_layer.weight', 'ACD.mixste_encoder.STEblocks.0.attn.proj.bias', 'ACD.mixste_encoder.STEblocks.0.attn.proj.weight', 'ACD.mixste_encoder.STEblocks.0.attn.qkv.bias', 'ACD.mixste_encoder.STEblocks.0.attn.qkv.weight', 'ACD.mixste_encoder.STEblocks.0.mlp.fc1.bias', 'ACD.mixste_encoder.STEblocks.0.mlp.fc1.weight', 'ACD.mixste_encoder.STEblocks.0.mlp.fc2.bias', 'ACD.mixste_encoder.STEblocks.0.mlp.fc2.weight', 'ACD.mixste_encoder.STEblocks.0.norm1.bias', 'ACD.mixste_encoder.STEblocks.0.norm1.weight', 'ACD.mixste_encoder.STEblocks.0.norm2.bias', 'ACD.mixste_encoder.STEblocks.0.norm2.weight', 'ACD.mixste_encoder.STEblocks.1.attn.proj.bias', 'ACD.mixste_encoder.STEblocks.1.attn.proj.weight', 'ACD.mixste_encoder.STEblocks.1.attn.qkv.bias', 'ACD.mixste_encoder.STEblocks.1.attn.qkv.weight', 'ACD.mixste_encoder.STEblocks.1.mlp.fc1.bias', 'ACD.mixste_encoder.STEblocks.1.mlp.fc1.weight', 'ACD.mixste_encoder.STEblocks.1.mlp.fc2.bias', 'ACD.mixste_encoder.STEblocks.1.mlp.fc2.weight', 'ACD.mixste_encoder.STEblocks.1.norm1.bias', 'ACD.mixste_encoder.STEblocks.1.norm1.weight', 'ACD.mixste_encoder.STEblocks.1.norm2.bias', 'ACD.mixste_encoder.STEblocks.1.norm2.weight', 'ACD.mixste_encoder.STEblocks.2.attn.proj.bias', 'ACD.mixste_encoder.STEblocks.2.attn.proj.weight', 'ACD.mixste_encoder.STEblocks.2.attn.qkv.bias', 'ACD.mixste_encoder.STEblocks.2.attn.qkv.weight', 'ACD.mixste_encoder.STEblocks.2.mlp.fc1.bias', 'ACD.mixste_encoder.STEblocks.2.mlp.fc1.weight', 'ACD.mixste_encoder.STEblocks.2.mlp.fc2.bias', 'ACD.mixste_encoder.STEblocks.2.mlp.fc2.weight', 'ACD.mixste_encoder.STEblocks.2.norm1.bias', 'ACD.mixste_encoder.STEblocks.2.norm1.weight', 'ACD.mixste_encoder.STEblocks.2.norm2.bias', 'ACD.mixste_encoder.STEblocks.2.norm2.weight', 'ACD.mixste_encoder.STEblocks.3.attn.proj.bias', 'ACD.mixste_encoder.STEblocks.3.attn.proj.weight', 'ACD.mixste_encoder.STEblocks.3.attn.qkv.bias', 'ACD.mixste_encoder.STEblocks.3.attn.qkv.weight', 'ACD.mixste_encoder.STEblocks.3.mlp.fc1.bias', 'ACD.mixste_encoder.STEblocks.3.mlp.fc1.weight', 'ACD.mixste_encoder.STEblocks.3.mlp.fc2.bias', 'ACD.mixste_encoder.STEblocks.3.mlp.fc2.weight', 'ACD.mixste_encoder.STEblocks.3.norm1.bias', 'ACD.mixste_encoder.STEblocks.3.norm1.weight', 'ACD.mixste_encoder.STEblocks.3.norm2.bias', 'ACD.mixste_encoder.STEblocks.3.norm2.weight', 'ACD.mixste_encoder.Spatial_norm.bias', 'ACD.mixste_encoder.Spatial_norm.weight', 'ACD.mixste_encoder.Spatial_patch_to_embedding.bias', 'ACD.mixste_encoder.Spatial_patch_to_embedding.weight', 'ACD.mixste_encoder.Spatial_pos_embed', 'ACD.mixste_encoder.TTEblocks.0.attn.proj.bias', 'ACD.mixste_encoder.TTEblocks.0.attn.proj.weight', 'ACD.mixste_encoder.TTEblocks.0.attn.qkv.bias', 'ACD.mixste_encoder.TTEblocks.0.attn.qkv.weight', 'ACD.mixste_encoder.TTEblocks.0.mlp.fc1.bias', 'ACD.mixste_encoder.TTEblocks.0.mlp.fc1.weight', 'ACD.mixste_encoder.TTEblocks.0.mlp.fc2.bias', 'ACD.mixste_encoder.TTEblocks.0.mlp.fc2.weight', 'ACD.mixste_encoder.TTEblocks.0.norm1.bias', 'ACD.mixste_encoder.TTEblocks.0.norm1.weight', 'ACD.mixste_encoder.TTEblocks.0.norm2.bias', 'ACD.mixste_encoder.TTEblocks.0.norm2.weight', 'ACD.mixste_encoder.TTEblocks.1.attn.proj.bias', 'ACD.mixste_encoder.TTEblocks.1.attn.proj.weight', 'ACD.mixste_encoder.TTEblocks.1.attn.qkv.bias', 'ACD.mixste_encoder.TTEblocks.1.attn.qkv.weight', 'ACD.mixste_encoder.TTEblocks.1.mlp.fc1.bias', 'ACD.mixste_encoder.TTEblocks.1.mlp.fc1.weight', 'ACD.mixste_encoder.TTEblocks.1.mlp.fc2.bias', 'ACD.mixste_encoder.TTEblocks.1.mlp.fc2.weight', 'ACD.mixste_encoder.TTEblocks.1.norm1.bias', 'ACD.mixste_encoder.TTEblocks.1.norm1.weight', 'ACD.mixste_encoder.TTEblocks.1.norm2.bias', 'ACD.mixste_encoder.TTEblocks.1.norm2.weight', 'ACD.mixste_encoder.TTEblocks.2.attn.proj.bias', 'ACD.mixste_encoder.TTEblocks.2.attn.proj.weight', 'ACD.mixste_encoder.TTEblocks.2.attn.qkv.bias', 'ACD.mixste_encoder.TTEblocks.2.attn.qkv.weight', 'ACD.mixste_encoder.TTEblocks.2.mlp.fc1.bias', 'ACD.mixste_encoder.TTEblocks.2.mlp.fc1.weight', 'ACD.mixste_encoder.TTEblocks.2.mlp.fc2.bias', 'ACD.mixste_encoder.TTEblocks.2.mlp.fc2.weight', 'ACD.mixste_encoder.TTEblocks.2.norm1.bias', 'ACD.mixste_encoder.TTEblocks.2.norm1.weight', 'ACD.mixste_encoder.TTEblocks.2.norm2.bias', 'ACD.mixste_encoder.TTEblocks.2.norm2.weight', 'ACD.mixste_encoder.TTEblocks.3.attn.proj.bias', 'ACD.mixste_encoder.TTEblocks.3.attn.proj.weight', 'ACD.mixste_encoder.TTEblocks.3.attn.qkv.bias', 'ACD.mixste_encoder.TTEblocks.3.attn.qkv.weight', 'ACD.mixste_encoder.TTEblocks.3.mlp.fc1.bias', 'ACD.mixste_encoder.TTEblocks.3.mlp.fc1.weight', 'ACD.mixste_encoder.TTEblocks.3.mlp.fc2.bias', 'ACD.mixste_encoder.TTEblocks.3.mlp.fc2.weight', 'ACD.mixste_encoder.TTEblocks.3.norm1.bias', 'ACD.mixste_encoder.TTEblocks.3.norm1.weight', 'ACD.mixste_encoder.TTEblocks.3.norm2.bias', 'ACD.mixste_encoder.TTEblocks.3.norm2.weight', 'ACD.mixste_encoder.Temporal_norm.bias', 'ACD.mixste_encoder.Temporal_norm.weight', 'ACD.mixste_encoder._temporal_pos_embed', 'ACD.mixste_encoder.output_proj.0.bias', 'ACD.mixste_encoder.output_proj.0.weight', 'ACD.mixste_encoder.output_proj.1.bias', 'ACD.mixste_encoder.output_proj.1.weight', 'encoder.layer_norm.bias', 'encoder.layer_norm.weight', 'encoder.layers.0.feed_forward.layer_norm.bias', 'encoder.layers.0.feed_forward.layer_norm.weight', 'encoder.layers.0.feed_forward.pwff_layer.0.bias', 'encoder.layers.0.feed_forward.pwff_layer.0.weight', 'encoder.layers.0.feed_forward.pwff_layer.3.bias', 'encoder.layers.0.feed_forward.pwff_layer.3.weight', 'encoder.layers.0.layer_norm.bias', 'encoder.layers.0.layer_norm.weight', 'encoder.layers.0.src_src_att.k_layer.bias', 'encoder.layers.0.src_src_att.k_layer.weight', 'encoder.layers.0.src_src_att.output_layer.bias', 'encoder.layers.0.src_src_att.output_layer.weight', 'encoder.layers.0.src_src_att.q_layer.bias', 'encoder.layers.0.src_src_att.q_layer.weight', 'encoder.layers.0.src_src_att.v_layer.bias', 'encoder.layers.0.src_src_att.v_layer.weight', 'encoder.layers.1.feed_forward.layer_norm.bias', 'encoder.layers.1.feed_forward.layer_norm.weight', 'encoder.layers.1.feed_forward.pwff_layer.0.bias', 'encoder.layers.1.feed_forward.pwff_layer.0.weight', 'encoder.layers.1.feed_forward.pwff_layer.3.bias', 'encoder.layers.1.feed_forward.pwff_layer.3.weight', 'encoder.layers.1.layer_norm.bias', 'encoder.layers.1.layer_norm.weight', 'encoder.layers.1.src_src_att.k_layer.bias', 'encoder.layers.1.src_src_att.k_layer.weight', 'encoder.layers.1.src_src_att.output_layer.bias', 'encoder.layers.1.src_src_att.output_layer.weight', 'encoder.layers.1.src_src_att.q_layer.bias', 'encoder.layers.1.src_src_att.q_layer.weight', 'encoder.layers.1.src_src_att.v_layer.bias', 'encoder.layers.1.src_src_att.v_layer.weight', 'src_embed.lut.weight']
2025-12-15 13:44:17,944 Can't find checkpoint in directory None
2025-12-15 13:44:17,944 cfg.data.src                       : gloss
2025-12-15 13:44:17,944 cfg.data.trg                       : skels
2025-12-15 13:44:17,944 cfg.data.files                     : files
2025-12-15 13:44:17,944 cfg.data.train                     : /home/user/Projects/Data/new_phoenix/train
2025-12-15 13:44:17,944 cfg.data.dev                       : /home/user/Projects/Data/new_phoenix/dev
2025-12-15 13:44:17,944 cfg.data.test                      : /home/user/Projects/Data/new_phoenix/test
2025-12-15 13:44:17,944 cfg.data.max_sent_length           : 300
2025-12-15 13:44:17,944 cfg.data.skip_frames               : 1
2025-12-15 13:44:17,944 cfg.data.src_vocab                 : /home/user/Projects/research/Sign-IDD-VAE/Configs/src_vocab.txt
2025-12-15 13:44:17,944 cfg.training.random_seed           : 27
2025-12-15 13:44:17,944 cfg.training.optimizer             : adam
2025-12-15 13:44:17,944 cfg.training.learning_rate         : 0.001
2025-12-15 13:44:17,944 cfg.training.learning_rate_min     : 0.0002
2025-12-15 13:44:17,944 cfg.training.weight_decay          : 0.0
2025-12-15 13:44:17,944 cfg.training.clip_grad_norm        : 5.0
2025-12-15 13:44:17,944 cfg.training.batch_size            : 64
2025-12-15 13:44:17,944 cfg.training.scheduling            : plateau
2025-12-15 13:44:17,944 cfg.training.patience              : 7
2025-12-15 13:44:17,944 cfg.training.decrease_factor       : 0.7
2025-12-15 13:44:17,945 cfg.training.early_stopping_metric : dtw
2025-12-15 13:44:17,945 cfg.training.epochs                : 20000
2025-12-15 13:44:17,945 cfg.training.validation_freq       : 2000
2025-12-15 13:44:17,945 cfg.training.logging_freq          : 250
2025-12-15 13:44:17,945 cfg.training.eval_metric           : dtw
2025-12-15 13:44:17,945 cfg.training.model_dir             : ./Models/Sign-MixSTE-IDD
2025-12-15 13:44:17,945 cfg.training.overwrite             : False
2025-12-15 13:44:17,945 cfg.training.continue              : True
2025-12-15 13:44:17,945 cfg.training.shuffle               : True
2025-12-15 13:44:17,945 cfg.training.use_cuda              : True
2025-12-15 13:44:17,945 cfg.training.max_output_length     : 300
2025-12-15 13:44:17,945 cfg.training.keep_last_ckpts       : 1
2025-12-15 13:44:17,945 cfg.training.loss                  : L1
2025-12-15 13:44:17,945 cfg.training.bone_loss             : MSE
2025-12-15 13:44:17,945 cfg.model.initializer              : xavier
2025-12-15 13:44:17,945 cfg.model.bias_initializer         : zeros
2025-12-15 13:44:17,945 cfg.model.embed_initializer        : xavier
2025-12-15 13:44:17,945 cfg.model.trg_size                 : 150
2025-12-15 13:44:17,945 cfg.model.just_count_in            : False
2025-12-15 13:44:17,945 cfg.model.gaussian_noise           : False
2025-12-15 13:44:17,945 cfg.model.noise_rate               : 5
2025-12-15 13:44:17,945 cfg.model.future_prediction        : 0
2025-12-15 13:44:17,945 cfg.model.encoder.type             : transformer
2025-12-15 13:44:17,945 cfg.model.encoder.num_layers       : 2
2025-12-15 13:44:17,945 cfg.model.encoder.num_heads        : 4
2025-12-15 13:44:17,945 cfg.model.encoder.embeddings.embedding_dim : 512
2025-12-15 13:44:17,945 cfg.model.encoder.embeddings.dropout : 0.0
2025-12-15 13:44:17,945 cfg.model.encoder.hidden_size      : 512
2025-12-15 13:44:17,945 cfg.model.encoder.ff_size          : 2048
2025-12-15 13:44:17,945 cfg.model.encoder.dropout          : 0.0
2025-12-15 13:44:17,945 cfg.model.diffusion.timesteps      : 1000
2025-12-15 13:44:17,945 cfg.model.diffusion.sampling_timesteps : 5
2025-12-15 13:44:17,945 cfg.model.diffusion.scale          : 1.0
2025-12-15 13:44:17,945 cfg.model.diffusion.num_layers     : 2
2025-12-15 13:44:17,945 cfg.model.diffusion.num_heads      : 4
2025-12-15 13:44:17,945 cfg.model.diffusion.hidden_size    : 512
2025-12-15 13:44:17,945 cfg.model.diffusion.ff_size        : 2048
2025-12-15 13:44:17,945 cfg.model.diffusion.dropout        : 0.1
2025-12-15 13:44:17,945 cfg.model.diffusion.embeddings.embedding_dim : 512
2025-12-15 13:44:17,945 cfg.model.diffusion.embeddings.dropout : 0.1
2025-12-15 13:44:17,945 cfg.model.mixste.embed_dim         : 512
2025-12-15 13:44:17,945 cfg.model.mixste.depth             : 4
2025-12-15 13:44:17,946 cfg.model.mixste.num_heads         : 4
2025-12-15 13:44:17,946 cfg.model.mixste.mlp_ratio         : 2.0
2025-12-15 13:44:17,946 cfg.model.mixste.drop_rate         : 0.1
2025-12-15 13:44:17,946 cfg.model.mixste.attn_drop_rate    : 0.0
2025-12-15 13:44:17,946 cfg.model.mixste.drop_path_rate    : 0.1
2025-12-15 13:44:17,946 EPOCH 1
2025-12-15 13:44:57,284 Sign-IDD: Iconicity Disentangled Diffusion for Sign Language Production
2025-12-15 13:44:57,286 Total params: 34233593
2025-12-15 13:44:57,286 Trainable parameters: ['ACD.ACD_Denoiser.layer_norm.bias', 'ACD.ACD_Denoiser.layer_norm.weight', 'ACD.ACD_Denoiser.layer_norm_mid.bias', 'ACD.ACD_Denoiser.layer_norm_mid.weight', 'ACD.ACD_Denoiser.layers_mha_ac.dec_layer_norm.bias', 'ACD.ACD_Denoiser.layers_mha_ac.dec_layer_norm.weight', 'ACD.ACD_Denoiser.layers_mha_ac.feed_forward.layer_norm.bias', 'ACD.ACD_Denoiser.layers_mha_ac.feed_forward.layer_norm.weight', 'ACD.ACD_Denoiser.layers_mha_ac.feed_forward.pwff_layer.0.bias', 'ACD.ACD_Denoiser.layers_mha_ac.feed_forward.pwff_layer.0.weight', 'ACD.ACD_Denoiser.layers_mha_ac.feed_forward.pwff_layer.3.bias', 'ACD.ACD_Denoiser.layers_mha_ac.feed_forward.pwff_layer.3.weight', 'ACD.ACD_Denoiser.layers_mha_ac.src_trg_att.k_layer.bias', 'ACD.ACD_Denoiser.layers_mha_ac.src_trg_att.k_layer.weight', 'ACD.ACD_Denoiser.layers_mha_ac.src_trg_att.output_layer.bias', 'ACD.ACD_Denoiser.layers_mha_ac.src_trg_att.output_layer.weight', 'ACD.ACD_Denoiser.layers_mha_ac.src_trg_att.q_layer.bias', 'ACD.ACD_Denoiser.layers_mha_ac.src_trg_att.q_layer.weight', 'ACD.ACD_Denoiser.layers_mha_ac.src_trg_att.v_layer.bias', 'ACD.ACD_Denoiser.layers_mha_ac.src_trg_att.v_layer.weight', 'ACD.ACD_Denoiser.layers_mha_ac.trg_trg_att.k_layer.bias', 'ACD.ACD_Denoiser.layers_mha_ac.trg_trg_att.k_layer.weight', 'ACD.ACD_Denoiser.layers_mha_ac.trg_trg_att.output_layer.bias', 'ACD.ACD_Denoiser.layers_mha_ac.trg_trg_att.output_layer.weight', 'ACD.ACD_Denoiser.layers_mha_ac.trg_trg_att.q_layer.bias', 'ACD.ACD_Denoiser.layers_mha_ac.trg_trg_att.q_layer.weight', 'ACD.ACD_Denoiser.layers_mha_ac.trg_trg_att.v_layer.bias', 'ACD.ACD_Denoiser.layers_mha_ac.trg_trg_att.v_layer.weight', 'ACD.ACD_Denoiser.layers_mha_ac.x_layer_norm.bias', 'ACD.ACD_Denoiser.layers_mha_ac.x_layer_norm.weight', 'ACD.ACD_Denoiser.layers_pose_condition.dec_layer_norm.bias', 'ACD.ACD_Denoiser.layers_pose_condition.dec_layer_norm.weight', 'ACD.ACD_Denoiser.layers_pose_condition.feed_forward.layer_norm.bias', 'ACD.ACD_Denoiser.layers_pose_condition.feed_forward.layer_norm.weight', 'ACD.ACD_Denoiser.layers_pose_condition.feed_forward.pwff_layer.0.bias', 'ACD.ACD_Denoiser.layers_pose_condition.feed_forward.pwff_layer.0.weight', 'ACD.ACD_Denoiser.layers_pose_condition.feed_forward.pwff_layer.3.bias', 'ACD.ACD_Denoiser.layers_pose_condition.feed_forward.pwff_layer.3.weight', 'ACD.ACD_Denoiser.layers_pose_condition.src_trg_att.k_layer.bias', 'ACD.ACD_Denoiser.layers_pose_condition.src_trg_att.k_layer.weight', 'ACD.ACD_Denoiser.layers_pose_condition.src_trg_att.output_layer.bias', 'ACD.ACD_Denoiser.layers_pose_condition.src_trg_att.output_layer.weight', 'ACD.ACD_Denoiser.layers_pose_condition.src_trg_att.q_layer.bias', 'ACD.ACD_Denoiser.layers_pose_condition.src_trg_att.q_layer.weight', 'ACD.ACD_Denoiser.layers_pose_condition.src_trg_att.v_layer.bias', 'ACD.ACD_Denoiser.layers_pose_condition.src_trg_att.v_layer.weight', 'ACD.ACD_Denoiser.layers_pose_condition.trg_trg_att.k_layer.bias', 'ACD.ACD_Denoiser.layers_pose_condition.trg_trg_att.k_layer.weight', 'ACD.ACD_Denoiser.layers_pose_condition.trg_trg_att.output_layer.bias', 'ACD.ACD_Denoiser.layers_pose_condition.trg_trg_att.output_layer.weight', 'ACD.ACD_Denoiser.layers_pose_condition.trg_trg_att.q_layer.bias', 'ACD.ACD_Denoiser.layers_pose_condition.trg_trg_att.q_layer.weight', 'ACD.ACD_Denoiser.layers_pose_condition.trg_trg_att.v_layer.bias', 'ACD.ACD_Denoiser.layers_pose_condition.trg_trg_att.v_layer.weight', 'ACD.ACD_Denoiser.layers_pose_condition.x_layer_norm.bias', 'ACD.ACD_Denoiser.layers_pose_condition.x_layer_norm.weight', 'ACD.ACD_Denoiser.o1_embed.bias', 'ACD.ACD_Denoiser.o1_embed.weight', 'ACD.ACD_Denoiser.o2_embed.bias', 'ACD.ACD_Denoiser.o2_embed.weight', 'ACD.ACD_Denoiser.output_layer.weight', 'ACD.ACD_Denoiser.output_layer_mid.weight', 'ACD.ACD_Denoiser.time_mlp.1.bias', 'ACD.ACD_Denoiser.time_mlp.1.weight', 'ACD.ACD_Denoiser.time_mlp.3.bias', 'ACD.ACD_Denoiser.time_mlp.3.weight', 'ACD.ACD_Denoiser.trg_embed.bias', 'ACD.ACD_Denoiser.trg_embed.weight', 'ACD.fusion_layer.bias', 'ACD.fusion_layer.weight', 'ACD.mixste_encoder.STEblocks.0.attn.proj.bias', 'ACD.mixste_encoder.STEblocks.0.attn.proj.weight', 'ACD.mixste_encoder.STEblocks.0.attn.qkv.bias', 'ACD.mixste_encoder.STEblocks.0.attn.qkv.weight', 'ACD.mixste_encoder.STEblocks.0.mlp.fc1.bias', 'ACD.mixste_encoder.STEblocks.0.mlp.fc1.weight', 'ACD.mixste_encoder.STEblocks.0.mlp.fc2.bias', 'ACD.mixste_encoder.STEblocks.0.mlp.fc2.weight', 'ACD.mixste_encoder.STEblocks.0.norm1.bias', 'ACD.mixste_encoder.STEblocks.0.norm1.weight', 'ACD.mixste_encoder.STEblocks.0.norm2.bias', 'ACD.mixste_encoder.STEblocks.0.norm2.weight', 'ACD.mixste_encoder.STEblocks.1.attn.proj.bias', 'ACD.mixste_encoder.STEblocks.1.attn.proj.weight', 'ACD.mixste_encoder.STEblocks.1.attn.qkv.bias', 'ACD.mixste_encoder.STEblocks.1.attn.qkv.weight', 'ACD.mixste_encoder.STEblocks.1.mlp.fc1.bias', 'ACD.mixste_encoder.STEblocks.1.mlp.fc1.weight', 'ACD.mixste_encoder.STEblocks.1.mlp.fc2.bias', 'ACD.mixste_encoder.STEblocks.1.mlp.fc2.weight', 'ACD.mixste_encoder.STEblocks.1.norm1.bias', 'ACD.mixste_encoder.STEblocks.1.norm1.weight', 'ACD.mixste_encoder.STEblocks.1.norm2.bias', 'ACD.mixste_encoder.STEblocks.1.norm2.weight', 'ACD.mixste_encoder.STEblocks.2.attn.proj.bias', 'ACD.mixste_encoder.STEblocks.2.attn.proj.weight', 'ACD.mixste_encoder.STEblocks.2.attn.qkv.bias', 'ACD.mixste_encoder.STEblocks.2.attn.qkv.weight', 'ACD.mixste_encoder.STEblocks.2.mlp.fc1.bias', 'ACD.mixste_encoder.STEblocks.2.mlp.fc1.weight', 'ACD.mixste_encoder.STEblocks.2.mlp.fc2.bias', 'ACD.mixste_encoder.STEblocks.2.mlp.fc2.weight', 'ACD.mixste_encoder.STEblocks.2.norm1.bias', 'ACD.mixste_encoder.STEblocks.2.norm1.weight', 'ACD.mixste_encoder.STEblocks.2.norm2.bias', 'ACD.mixste_encoder.STEblocks.2.norm2.weight', 'ACD.mixste_encoder.STEblocks.3.attn.proj.bias', 'ACD.mixste_encoder.STEblocks.3.attn.proj.weight', 'ACD.mixste_encoder.STEblocks.3.attn.qkv.bias', 'ACD.mixste_encoder.STEblocks.3.attn.qkv.weight', 'ACD.mixste_encoder.STEblocks.3.mlp.fc1.bias', 'ACD.mixste_encoder.STEblocks.3.mlp.fc1.weight', 'ACD.mixste_encoder.STEblocks.3.mlp.fc2.bias', 'ACD.mixste_encoder.STEblocks.3.mlp.fc2.weight', 'ACD.mixste_encoder.STEblocks.3.norm1.bias', 'ACD.mixste_encoder.STEblocks.3.norm1.weight', 'ACD.mixste_encoder.STEblocks.3.norm2.bias', 'ACD.mixste_encoder.STEblocks.3.norm2.weight', 'ACD.mixste_encoder.Spatial_norm.bias', 'ACD.mixste_encoder.Spatial_norm.weight', 'ACD.mixste_encoder.Spatial_patch_to_embedding.bias', 'ACD.mixste_encoder.Spatial_patch_to_embedding.weight', 'ACD.mixste_encoder.Spatial_pos_embed', 'ACD.mixste_encoder.TTEblocks.0.attn.proj.bias', 'ACD.mixste_encoder.TTEblocks.0.attn.proj.weight', 'ACD.mixste_encoder.TTEblocks.0.attn.qkv.bias', 'ACD.mixste_encoder.TTEblocks.0.attn.qkv.weight', 'ACD.mixste_encoder.TTEblocks.0.mlp.fc1.bias', 'ACD.mixste_encoder.TTEblocks.0.mlp.fc1.weight', 'ACD.mixste_encoder.TTEblocks.0.mlp.fc2.bias', 'ACD.mixste_encoder.TTEblocks.0.mlp.fc2.weight', 'ACD.mixste_encoder.TTEblocks.0.norm1.bias', 'ACD.mixste_encoder.TTEblocks.0.norm1.weight', 'ACD.mixste_encoder.TTEblocks.0.norm2.bias', 'ACD.mixste_encoder.TTEblocks.0.norm2.weight', 'ACD.mixste_encoder.TTEblocks.1.attn.proj.bias', 'ACD.mixste_encoder.TTEblocks.1.attn.proj.weight', 'ACD.mixste_encoder.TTEblocks.1.attn.qkv.bias', 'ACD.mixste_encoder.TTEblocks.1.attn.qkv.weight', 'ACD.mixste_encoder.TTEblocks.1.mlp.fc1.bias', 'ACD.mixste_encoder.TTEblocks.1.mlp.fc1.weight', 'ACD.mixste_encoder.TTEblocks.1.mlp.fc2.bias', 'ACD.mixste_encoder.TTEblocks.1.mlp.fc2.weight', 'ACD.mixste_encoder.TTEblocks.1.norm1.bias', 'ACD.mixste_encoder.TTEblocks.1.norm1.weight', 'ACD.mixste_encoder.TTEblocks.1.norm2.bias', 'ACD.mixste_encoder.TTEblocks.1.norm2.weight', 'ACD.mixste_encoder.TTEblocks.2.attn.proj.bias', 'ACD.mixste_encoder.TTEblocks.2.attn.proj.weight', 'ACD.mixste_encoder.TTEblocks.2.attn.qkv.bias', 'ACD.mixste_encoder.TTEblocks.2.attn.qkv.weight', 'ACD.mixste_encoder.TTEblocks.2.mlp.fc1.bias', 'ACD.mixste_encoder.TTEblocks.2.mlp.fc1.weight', 'ACD.mixste_encoder.TTEblocks.2.mlp.fc2.bias', 'ACD.mixste_encoder.TTEblocks.2.mlp.fc2.weight', 'ACD.mixste_encoder.TTEblocks.2.norm1.bias', 'ACD.mixste_encoder.TTEblocks.2.norm1.weight', 'ACD.mixste_encoder.TTEblocks.2.norm2.bias', 'ACD.mixste_encoder.TTEblocks.2.norm2.weight', 'ACD.mixste_encoder.TTEblocks.3.attn.proj.bias', 'ACD.mixste_encoder.TTEblocks.3.attn.proj.weight', 'ACD.mixste_encoder.TTEblocks.3.attn.qkv.bias', 'ACD.mixste_encoder.TTEblocks.3.attn.qkv.weight', 'ACD.mixste_encoder.TTEblocks.3.mlp.fc1.bias', 'ACD.mixste_encoder.TTEblocks.3.mlp.fc1.weight', 'ACD.mixste_encoder.TTEblocks.3.mlp.fc2.bias', 'ACD.mixste_encoder.TTEblocks.3.mlp.fc2.weight', 'ACD.mixste_encoder.TTEblocks.3.norm1.bias', 'ACD.mixste_encoder.TTEblocks.3.norm1.weight', 'ACD.mixste_encoder.TTEblocks.3.norm2.bias', 'ACD.mixste_encoder.TTEblocks.3.norm2.weight', 'ACD.mixste_encoder.Temporal_norm.bias', 'ACD.mixste_encoder.Temporal_norm.weight', 'ACD.mixste_encoder._temporal_pos_embed', 'ACD.mixste_encoder.output_proj.0.bias', 'ACD.mixste_encoder.output_proj.0.weight', 'ACD.mixste_encoder.output_proj.1.bias', 'ACD.mixste_encoder.output_proj.1.weight', 'encoder.layer_norm.bias', 'encoder.layer_norm.weight', 'encoder.layers.0.feed_forward.layer_norm.bias', 'encoder.layers.0.feed_forward.layer_norm.weight', 'encoder.layers.0.feed_forward.pwff_layer.0.bias', 'encoder.layers.0.feed_forward.pwff_layer.0.weight', 'encoder.layers.0.feed_forward.pwff_layer.3.bias', 'encoder.layers.0.feed_forward.pwff_layer.3.weight', 'encoder.layers.0.layer_norm.bias', 'encoder.layers.0.layer_norm.weight', 'encoder.layers.0.src_src_att.k_layer.bias', 'encoder.layers.0.src_src_att.k_layer.weight', 'encoder.layers.0.src_src_att.output_layer.bias', 'encoder.layers.0.src_src_att.output_layer.weight', 'encoder.layers.0.src_src_att.q_layer.bias', 'encoder.layers.0.src_src_att.q_layer.weight', 'encoder.layers.0.src_src_att.v_layer.bias', 'encoder.layers.0.src_src_att.v_layer.weight', 'encoder.layers.1.feed_forward.layer_norm.bias', 'encoder.layers.1.feed_forward.layer_norm.weight', 'encoder.layers.1.feed_forward.pwff_layer.0.bias', 'encoder.layers.1.feed_forward.pwff_layer.0.weight', 'encoder.layers.1.feed_forward.pwff_layer.3.bias', 'encoder.layers.1.feed_forward.pwff_layer.3.weight', 'encoder.layers.1.layer_norm.bias', 'encoder.layers.1.layer_norm.weight', 'encoder.layers.1.src_src_att.k_layer.bias', 'encoder.layers.1.src_src_att.k_layer.weight', 'encoder.layers.1.src_src_att.output_layer.bias', 'encoder.layers.1.src_src_att.output_layer.weight', 'encoder.layers.1.src_src_att.q_layer.bias', 'encoder.layers.1.src_src_att.q_layer.weight', 'encoder.layers.1.src_src_att.v_layer.bias', 'encoder.layers.1.src_src_att.v_layer.weight', 'src_embed.lut.weight']
2025-12-15 13:44:57,990 Can't find checkpoint in directory None
2025-12-15 13:44:57,990 cfg.data.src                       : gloss
2025-12-15 13:44:57,990 cfg.data.trg                       : skels
2025-12-15 13:44:57,990 cfg.data.files                     : files
2025-12-15 13:44:57,990 cfg.data.train                     : /home/user/Projects/Data/new_phoenix/train
2025-12-15 13:44:57,990 cfg.data.dev                       : /home/user/Projects/Data/new_phoenix/dev
2025-12-15 13:44:57,990 cfg.data.test                      : /home/user/Projects/Data/new_phoenix/test
2025-12-15 13:44:57,990 cfg.data.max_sent_length           : 300
2025-12-15 13:44:57,990 cfg.data.skip_frames               : 1
2025-12-15 13:44:57,990 cfg.data.src_vocab                 : /home/user/Projects/research/Sign-IDD-VAE/Configs/src_vocab.txt
2025-12-15 13:44:57,990 cfg.training.random_seed           : 27
2025-12-15 13:44:57,990 cfg.training.optimizer             : adam
2025-12-15 13:44:57,990 cfg.training.learning_rate         : 0.001
2025-12-15 13:44:57,990 cfg.training.learning_rate_min     : 0.0002
2025-12-15 13:44:57,990 cfg.training.weight_decay          : 0.0
2025-12-15 13:44:57,990 cfg.training.clip_grad_norm        : 5.0
2025-12-15 13:44:57,990 cfg.training.batch_size            : 64
2025-12-15 13:44:57,990 cfg.training.scheduling            : plateau
2025-12-15 13:44:57,990 cfg.training.patience              : 7
2025-12-15 13:44:57,991 cfg.training.decrease_factor       : 0.7
2025-12-15 13:44:57,991 cfg.training.early_stopping_metric : dtw
2025-12-15 13:44:57,991 cfg.training.epochs                : 20000
2025-12-15 13:44:57,991 cfg.training.validation_freq       : 2000
2025-12-15 13:44:57,991 cfg.training.logging_freq          : 250
2025-12-15 13:44:57,991 cfg.training.eval_metric           : dtw
2025-12-15 13:44:57,991 cfg.training.model_dir             : ./Models/Sign-MixSTE-IDD
2025-12-15 13:44:57,991 cfg.training.overwrite             : False
2025-12-15 13:44:57,991 cfg.training.continue              : True
2025-12-15 13:44:57,991 cfg.training.shuffle               : True
2025-12-15 13:44:57,991 cfg.training.use_cuda              : True
2025-12-15 13:44:57,991 cfg.training.max_output_length     : 300
2025-12-15 13:44:57,991 cfg.training.keep_last_ckpts       : 1
2025-12-15 13:44:57,991 cfg.training.loss                  : L1
2025-12-15 13:44:57,991 cfg.training.bone_loss             : MSE
2025-12-15 13:44:57,991 cfg.model.initializer              : xavier
2025-12-15 13:44:57,991 cfg.model.bias_initializer         : zeros
2025-12-15 13:44:57,991 cfg.model.embed_initializer        : xavier
2025-12-15 13:44:57,991 cfg.model.trg_size                 : 150
2025-12-15 13:44:57,991 cfg.model.just_count_in            : False
2025-12-15 13:44:57,991 cfg.model.gaussian_noise           : False
2025-12-15 13:44:57,991 cfg.model.noise_rate               : 5
2025-12-15 13:44:57,991 cfg.model.future_prediction        : 0
2025-12-15 13:44:57,991 cfg.model.encoder.type             : transformer
2025-12-15 13:44:57,991 cfg.model.encoder.num_layers       : 2
2025-12-15 13:44:57,991 cfg.model.encoder.num_heads        : 4
2025-12-15 13:44:57,991 cfg.model.encoder.embeddings.embedding_dim : 512
2025-12-15 13:44:57,991 cfg.model.encoder.embeddings.dropout : 0.0
2025-12-15 13:44:57,991 cfg.model.encoder.hidden_size      : 512
2025-12-15 13:44:57,991 cfg.model.encoder.ff_size          : 2048
2025-12-15 13:44:57,991 cfg.model.encoder.dropout          : 0.0
2025-12-15 13:44:57,991 cfg.model.diffusion.timesteps      : 1000
2025-12-15 13:44:57,991 cfg.model.diffusion.sampling_timesteps : 5
2025-12-15 13:44:57,991 cfg.model.diffusion.scale          : 1.0
2025-12-15 13:44:57,991 cfg.model.diffusion.num_layers     : 2
2025-12-15 13:44:57,991 cfg.model.diffusion.num_heads      : 4
2025-12-15 13:44:57,991 cfg.model.diffusion.hidden_size    : 512
2025-12-15 13:44:57,991 cfg.model.diffusion.ff_size        : 2048
2025-12-15 13:44:57,991 cfg.model.diffusion.dropout        : 0.1
2025-12-15 13:44:57,991 cfg.model.diffusion.embeddings.embedding_dim : 512
2025-12-15 13:44:57,991 cfg.model.diffusion.embeddings.dropout : 0.1
2025-12-15 13:44:57,991 cfg.model.mixste.embed_dim         : 512
2025-12-15 13:44:57,991 cfg.model.mixste.depth             : 4
2025-12-15 13:44:57,991 cfg.model.mixste.num_heads         : 4
2025-12-15 13:44:57,991 cfg.model.mixste.mlp_ratio         : 2.0
2025-12-15 13:44:57,992 cfg.model.mixste.drop_rate         : 0.1
2025-12-15 13:44:57,992 cfg.model.mixste.attn_drop_rate    : 0.0
2025-12-15 13:44:57,992 cfg.model.mixste.drop_path_rate    : 0.1
2025-12-15 13:44:57,992 EPOCH 1
2025-12-15 13:45:37,888 Sign-IDD: Iconicity Disentangled Diffusion for Sign Language Production
2025-12-15 13:45:37,890 Total params: 21616889
2025-12-15 13:45:37,890 Trainable parameters: ['ACD.ACD_Denoiser.layer_norm.bias', 'ACD.ACD_Denoiser.layer_norm.weight', 'ACD.ACD_Denoiser.layer_norm_mid.bias', 'ACD.ACD_Denoiser.layer_norm_mid.weight', 'ACD.ACD_Denoiser.layers_mha_ac.dec_layer_norm.bias', 'ACD.ACD_Denoiser.layers_mha_ac.dec_layer_norm.weight', 'ACD.ACD_Denoiser.layers_mha_ac.feed_forward.layer_norm.bias', 'ACD.ACD_Denoiser.layers_mha_ac.feed_forward.layer_norm.weight', 'ACD.ACD_Denoiser.layers_mha_ac.feed_forward.pwff_layer.0.bias', 'ACD.ACD_Denoiser.layers_mha_ac.feed_forward.pwff_layer.0.weight', 'ACD.ACD_Denoiser.layers_mha_ac.feed_forward.pwff_layer.3.bias', 'ACD.ACD_Denoiser.layers_mha_ac.feed_forward.pwff_layer.3.weight', 'ACD.ACD_Denoiser.layers_mha_ac.src_trg_att.k_layer.bias', 'ACD.ACD_Denoiser.layers_mha_ac.src_trg_att.k_layer.weight', 'ACD.ACD_Denoiser.layers_mha_ac.src_trg_att.output_layer.bias', 'ACD.ACD_Denoiser.layers_mha_ac.src_trg_att.output_layer.weight', 'ACD.ACD_Denoiser.layers_mha_ac.src_trg_att.q_layer.bias', 'ACD.ACD_Denoiser.layers_mha_ac.src_trg_att.q_layer.weight', 'ACD.ACD_Denoiser.layers_mha_ac.src_trg_att.v_layer.bias', 'ACD.ACD_Denoiser.layers_mha_ac.src_trg_att.v_layer.weight', 'ACD.ACD_Denoiser.layers_mha_ac.trg_trg_att.k_layer.bias', 'ACD.ACD_Denoiser.layers_mha_ac.trg_trg_att.k_layer.weight', 'ACD.ACD_Denoiser.layers_mha_ac.trg_trg_att.output_layer.bias', 'ACD.ACD_Denoiser.layers_mha_ac.trg_trg_att.output_layer.weight', 'ACD.ACD_Denoiser.layers_mha_ac.trg_trg_att.q_layer.bias', 'ACD.ACD_Denoiser.layers_mha_ac.trg_trg_att.q_layer.weight', 'ACD.ACD_Denoiser.layers_mha_ac.trg_trg_att.v_layer.bias', 'ACD.ACD_Denoiser.layers_mha_ac.trg_trg_att.v_layer.weight', 'ACD.ACD_Denoiser.layers_mha_ac.x_layer_norm.bias', 'ACD.ACD_Denoiser.layers_mha_ac.x_layer_norm.weight', 'ACD.ACD_Denoiser.layers_pose_condition.dec_layer_norm.bias', 'ACD.ACD_Denoiser.layers_pose_condition.dec_layer_norm.weight', 'ACD.ACD_Denoiser.layers_pose_condition.feed_forward.layer_norm.bias', 'ACD.ACD_Denoiser.layers_pose_condition.feed_forward.layer_norm.weight', 'ACD.ACD_Denoiser.layers_pose_condition.feed_forward.pwff_layer.0.bias', 'ACD.ACD_Denoiser.layers_pose_condition.feed_forward.pwff_layer.0.weight', 'ACD.ACD_Denoiser.layers_pose_condition.feed_forward.pwff_layer.3.bias', 'ACD.ACD_Denoiser.layers_pose_condition.feed_forward.pwff_layer.3.weight', 'ACD.ACD_Denoiser.layers_pose_condition.src_trg_att.k_layer.bias', 'ACD.ACD_Denoiser.layers_pose_condition.src_trg_att.k_layer.weight', 'ACD.ACD_Denoiser.layers_pose_condition.src_trg_att.output_layer.bias', 'ACD.ACD_Denoiser.layers_pose_condition.src_trg_att.output_layer.weight', 'ACD.ACD_Denoiser.layers_pose_condition.src_trg_att.q_layer.bias', 'ACD.ACD_Denoiser.layers_pose_condition.src_trg_att.q_layer.weight', 'ACD.ACD_Denoiser.layers_pose_condition.src_trg_att.v_layer.bias', 'ACD.ACD_Denoiser.layers_pose_condition.src_trg_att.v_layer.weight', 'ACD.ACD_Denoiser.layers_pose_condition.trg_trg_att.k_layer.bias', 'ACD.ACD_Denoiser.layers_pose_condition.trg_trg_att.k_layer.weight', 'ACD.ACD_Denoiser.layers_pose_condition.trg_trg_att.output_layer.bias', 'ACD.ACD_Denoiser.layers_pose_condition.trg_trg_att.output_layer.weight', 'ACD.ACD_Denoiser.layers_pose_condition.trg_trg_att.q_layer.bias', 'ACD.ACD_Denoiser.layers_pose_condition.trg_trg_att.q_layer.weight', 'ACD.ACD_Denoiser.layers_pose_condition.trg_trg_att.v_layer.bias', 'ACD.ACD_Denoiser.layers_pose_condition.trg_trg_att.v_layer.weight', 'ACD.ACD_Denoiser.layers_pose_condition.x_layer_norm.bias', 'ACD.ACD_Denoiser.layers_pose_condition.x_layer_norm.weight', 'ACD.ACD_Denoiser.o1_embed.bias', 'ACD.ACD_Denoiser.o1_embed.weight', 'ACD.ACD_Denoiser.o2_embed.bias', 'ACD.ACD_Denoiser.o2_embed.weight', 'ACD.ACD_Denoiser.output_layer.weight', 'ACD.ACD_Denoiser.output_layer_mid.weight', 'ACD.ACD_Denoiser.time_mlp.1.bias', 'ACD.ACD_Denoiser.time_mlp.1.weight', 'ACD.ACD_Denoiser.time_mlp.3.bias', 'ACD.ACD_Denoiser.time_mlp.3.weight', 'ACD.ACD_Denoiser.trg_embed.bias', 'ACD.ACD_Denoiser.trg_embed.weight', 'ACD.fusion_layer.bias', 'ACD.fusion_layer.weight', 'ACD.mixste_encoder.STEblocks.0.attn.proj.bias', 'ACD.mixste_encoder.STEblocks.0.attn.proj.weight', 'ACD.mixste_encoder.STEblocks.0.attn.qkv.bias', 'ACD.mixste_encoder.STEblocks.0.attn.qkv.weight', 'ACD.mixste_encoder.STEblocks.0.mlp.fc1.bias', 'ACD.mixste_encoder.STEblocks.0.mlp.fc1.weight', 'ACD.mixste_encoder.STEblocks.0.mlp.fc2.bias', 'ACD.mixste_encoder.STEblocks.0.mlp.fc2.weight', 'ACD.mixste_encoder.STEblocks.0.norm1.bias', 'ACD.mixste_encoder.STEblocks.0.norm1.weight', 'ACD.mixste_encoder.STEblocks.0.norm2.bias', 'ACD.mixste_encoder.STEblocks.0.norm2.weight', 'ACD.mixste_encoder.Spatial_norm.bias', 'ACD.mixste_encoder.Spatial_norm.weight', 'ACD.mixste_encoder.Spatial_patch_to_embedding.bias', 'ACD.mixste_encoder.Spatial_patch_to_embedding.weight', 'ACD.mixste_encoder.Spatial_pos_embed', 'ACD.mixste_encoder.TTEblocks.0.attn.proj.bias', 'ACD.mixste_encoder.TTEblocks.0.attn.proj.weight', 'ACD.mixste_encoder.TTEblocks.0.attn.qkv.bias', 'ACD.mixste_encoder.TTEblocks.0.attn.qkv.weight', 'ACD.mixste_encoder.TTEblocks.0.mlp.fc1.bias', 'ACD.mixste_encoder.TTEblocks.0.mlp.fc1.weight', 'ACD.mixste_encoder.TTEblocks.0.mlp.fc2.bias', 'ACD.mixste_encoder.TTEblocks.0.mlp.fc2.weight', 'ACD.mixste_encoder.TTEblocks.0.norm1.bias', 'ACD.mixste_encoder.TTEblocks.0.norm1.weight', 'ACD.mixste_encoder.TTEblocks.0.norm2.bias', 'ACD.mixste_encoder.TTEblocks.0.norm2.weight', 'ACD.mixste_encoder.Temporal_norm.bias', 'ACD.mixste_encoder.Temporal_norm.weight', 'ACD.mixste_encoder._temporal_pos_embed', 'ACD.mixste_encoder.output_proj.0.bias', 'ACD.mixste_encoder.output_proj.0.weight', 'ACD.mixste_encoder.output_proj.1.bias', 'ACD.mixste_encoder.output_proj.1.weight', 'encoder.layer_norm.bias', 'encoder.layer_norm.weight', 'encoder.layers.0.feed_forward.layer_norm.bias', 'encoder.layers.0.feed_forward.layer_norm.weight', 'encoder.layers.0.feed_forward.pwff_layer.0.bias', 'encoder.layers.0.feed_forward.pwff_layer.0.weight', 'encoder.layers.0.feed_forward.pwff_layer.3.bias', 'encoder.layers.0.feed_forward.pwff_layer.3.weight', 'encoder.layers.0.layer_norm.bias', 'encoder.layers.0.layer_norm.weight', 'encoder.layers.0.src_src_att.k_layer.bias', 'encoder.layers.0.src_src_att.k_layer.weight', 'encoder.layers.0.src_src_att.output_layer.bias', 'encoder.layers.0.src_src_att.output_layer.weight', 'encoder.layers.0.src_src_att.q_layer.bias', 'encoder.layers.0.src_src_att.q_layer.weight', 'encoder.layers.0.src_src_att.v_layer.bias', 'encoder.layers.0.src_src_att.v_layer.weight', 'encoder.layers.1.feed_forward.layer_norm.bias', 'encoder.layers.1.feed_forward.layer_norm.weight', 'encoder.layers.1.feed_forward.pwff_layer.0.bias', 'encoder.layers.1.feed_forward.pwff_layer.0.weight', 'encoder.layers.1.feed_forward.pwff_layer.3.bias', 'encoder.layers.1.feed_forward.pwff_layer.3.weight', 'encoder.layers.1.layer_norm.bias', 'encoder.layers.1.layer_norm.weight', 'encoder.layers.1.src_src_att.k_layer.bias', 'encoder.layers.1.src_src_att.k_layer.weight', 'encoder.layers.1.src_src_att.output_layer.bias', 'encoder.layers.1.src_src_att.output_layer.weight', 'encoder.layers.1.src_src_att.q_layer.bias', 'encoder.layers.1.src_src_att.q_layer.weight', 'encoder.layers.1.src_src_att.v_layer.bias', 'encoder.layers.1.src_src_att.v_layer.weight', 'src_embed.lut.weight']
2025-12-15 13:45:38,601 Can't find checkpoint in directory None
2025-12-15 13:45:38,601 cfg.data.src                       : gloss
2025-12-15 13:45:38,601 cfg.data.trg                       : skels
2025-12-15 13:45:38,601 cfg.data.files                     : files
2025-12-15 13:45:38,601 cfg.data.train                     : /home/user/Projects/Data/new_phoenix/train
2025-12-15 13:45:38,601 cfg.data.dev                       : /home/user/Projects/Data/new_phoenix/dev
2025-12-15 13:45:38,601 cfg.data.test                      : /home/user/Projects/Data/new_phoenix/test
2025-12-15 13:45:38,601 cfg.data.max_sent_length           : 300
2025-12-15 13:45:38,601 cfg.data.skip_frames               : 1
2025-12-15 13:45:38,601 cfg.data.src_vocab                 : /home/user/Projects/research/Sign-IDD-VAE/Configs/src_vocab.txt
2025-12-15 13:45:38,601 cfg.training.random_seed           : 27
2025-12-15 13:45:38,601 cfg.training.optimizer             : adam
2025-12-15 13:45:38,601 cfg.training.learning_rate         : 0.001
2025-12-15 13:45:38,601 cfg.training.learning_rate_min     : 0.0002
2025-12-15 13:45:38,601 cfg.training.weight_decay          : 0.0
2025-12-15 13:45:38,601 cfg.training.clip_grad_norm        : 5.0
2025-12-15 13:45:38,601 cfg.training.batch_size            : 64
2025-12-15 13:45:38,601 cfg.training.scheduling            : plateau
2025-12-15 13:45:38,601 cfg.training.patience              : 7
2025-12-15 13:45:38,601 cfg.training.decrease_factor       : 0.7
2025-12-15 13:45:38,601 cfg.training.early_stopping_metric : dtw
2025-12-15 13:45:38,601 cfg.training.epochs                : 20000
2025-12-15 13:45:38,601 cfg.training.validation_freq       : 2000
2025-12-15 13:45:38,601 cfg.training.logging_freq          : 250
2025-12-15 13:45:38,601 cfg.training.eval_metric           : dtw
2025-12-15 13:45:38,602 cfg.training.model_dir             : ./Models/Sign-MixSTE-IDD
2025-12-15 13:45:38,602 cfg.training.overwrite             : False
2025-12-15 13:45:38,602 cfg.training.continue              : True
2025-12-15 13:45:38,602 cfg.training.shuffle               : True
2025-12-15 13:45:38,602 cfg.training.use_cuda              : True
2025-12-15 13:45:38,602 cfg.training.max_output_length     : 300
2025-12-15 13:45:38,602 cfg.training.keep_last_ckpts       : 1
2025-12-15 13:45:38,602 cfg.training.loss                  : L1
2025-12-15 13:45:38,602 cfg.training.bone_loss             : MSE
2025-12-15 13:45:38,602 cfg.model.initializer              : xavier
2025-12-15 13:45:38,602 cfg.model.bias_initializer         : zeros
2025-12-15 13:45:38,602 cfg.model.embed_initializer        : xavier
2025-12-15 13:45:38,602 cfg.model.trg_size                 : 150
2025-12-15 13:45:38,602 cfg.model.just_count_in            : False
2025-12-15 13:45:38,602 cfg.model.gaussian_noise           : False
2025-12-15 13:45:38,602 cfg.model.noise_rate               : 5
2025-12-15 13:45:38,602 cfg.model.future_prediction        : 0
2025-12-15 13:45:38,602 cfg.model.encoder.type             : transformer
2025-12-15 13:45:38,602 cfg.model.encoder.num_layers       : 2
2025-12-15 13:45:38,602 cfg.model.encoder.num_heads        : 4
2025-12-15 13:45:38,602 cfg.model.encoder.embeddings.embedding_dim : 512
2025-12-15 13:45:38,602 cfg.model.encoder.embeddings.dropout : 0.0
2025-12-15 13:45:38,602 cfg.model.encoder.hidden_size      : 512
2025-12-15 13:45:38,602 cfg.model.encoder.ff_size          : 2048
2025-12-15 13:45:38,602 cfg.model.encoder.dropout          : 0.0
2025-12-15 13:45:38,602 cfg.model.diffusion.timesteps      : 1000
2025-12-15 13:45:38,602 cfg.model.diffusion.sampling_timesteps : 5
2025-12-15 13:45:38,602 cfg.model.diffusion.scale          : 1.0
2025-12-15 13:45:38,602 cfg.model.diffusion.num_layers     : 2
2025-12-15 13:45:38,602 cfg.model.diffusion.num_heads      : 4
2025-12-15 13:45:38,602 cfg.model.diffusion.hidden_size    : 512
2025-12-15 13:45:38,602 cfg.model.diffusion.ff_size        : 2048
2025-12-15 13:45:38,602 cfg.model.diffusion.dropout        : 0.1
2025-12-15 13:45:38,602 cfg.model.diffusion.embeddings.embedding_dim : 512
2025-12-15 13:45:38,602 cfg.model.diffusion.embeddings.dropout : 0.1
2025-12-15 13:45:38,602 cfg.model.mixste.embed_dim         : 512
2025-12-15 13:45:38,602 cfg.model.mixste.depth             : 1
2025-12-15 13:45:38,602 cfg.model.mixste.num_heads         : 4
2025-12-15 13:45:38,602 cfg.model.mixste.mlp_ratio         : 2.0
2025-12-15 13:45:38,602 cfg.model.mixste.drop_rate         : 0.1
2025-12-15 13:45:38,602 cfg.model.mixste.attn_drop_rate    : 0.0
2025-12-15 13:45:38,602 cfg.model.mixste.drop_path_rate    : 0.1
2025-12-15 13:45:38,602 EPOCH 1
2025-12-15 13:46:16,286 Sign-IDD: Iconicity Disentangled Diffusion for Sign Language Production
2025-12-15 13:46:16,288 Total params: 21616889
2025-12-15 13:46:16,288 Trainable parameters: ['ACD.ACD_Denoiser.layer_norm.bias', 'ACD.ACD_Denoiser.layer_norm.weight', 'ACD.ACD_Denoiser.layer_norm_mid.bias', 'ACD.ACD_Denoiser.layer_norm_mid.weight', 'ACD.ACD_Denoiser.layers_mha_ac.dec_layer_norm.bias', 'ACD.ACD_Denoiser.layers_mha_ac.dec_layer_norm.weight', 'ACD.ACD_Denoiser.layers_mha_ac.feed_forward.layer_norm.bias', 'ACD.ACD_Denoiser.layers_mha_ac.feed_forward.layer_norm.weight', 'ACD.ACD_Denoiser.layers_mha_ac.feed_forward.pwff_layer.0.bias', 'ACD.ACD_Denoiser.layers_mha_ac.feed_forward.pwff_layer.0.weight', 'ACD.ACD_Denoiser.layers_mha_ac.feed_forward.pwff_layer.3.bias', 'ACD.ACD_Denoiser.layers_mha_ac.feed_forward.pwff_layer.3.weight', 'ACD.ACD_Denoiser.layers_mha_ac.src_trg_att.k_layer.bias', 'ACD.ACD_Denoiser.layers_mha_ac.src_trg_att.k_layer.weight', 'ACD.ACD_Denoiser.layers_mha_ac.src_trg_att.output_layer.bias', 'ACD.ACD_Denoiser.layers_mha_ac.src_trg_att.output_layer.weight', 'ACD.ACD_Denoiser.layers_mha_ac.src_trg_att.q_layer.bias', 'ACD.ACD_Denoiser.layers_mha_ac.src_trg_att.q_layer.weight', 'ACD.ACD_Denoiser.layers_mha_ac.src_trg_att.v_layer.bias', 'ACD.ACD_Denoiser.layers_mha_ac.src_trg_att.v_layer.weight', 'ACD.ACD_Denoiser.layers_mha_ac.trg_trg_att.k_layer.bias', 'ACD.ACD_Denoiser.layers_mha_ac.trg_trg_att.k_layer.weight', 'ACD.ACD_Denoiser.layers_mha_ac.trg_trg_att.output_layer.bias', 'ACD.ACD_Denoiser.layers_mha_ac.trg_trg_att.output_layer.weight', 'ACD.ACD_Denoiser.layers_mha_ac.trg_trg_att.q_layer.bias', 'ACD.ACD_Denoiser.layers_mha_ac.trg_trg_att.q_layer.weight', 'ACD.ACD_Denoiser.layers_mha_ac.trg_trg_att.v_layer.bias', 'ACD.ACD_Denoiser.layers_mha_ac.trg_trg_att.v_layer.weight', 'ACD.ACD_Denoiser.layers_mha_ac.x_layer_norm.bias', 'ACD.ACD_Denoiser.layers_mha_ac.x_layer_norm.weight', 'ACD.ACD_Denoiser.layers_pose_condition.dec_layer_norm.bias', 'ACD.ACD_Denoiser.layers_pose_condition.dec_layer_norm.weight', 'ACD.ACD_Denoiser.layers_pose_condition.feed_forward.layer_norm.bias', 'ACD.ACD_Denoiser.layers_pose_condition.feed_forward.layer_norm.weight', 'ACD.ACD_Denoiser.layers_pose_condition.feed_forward.pwff_layer.0.bias', 'ACD.ACD_Denoiser.layers_pose_condition.feed_forward.pwff_layer.0.weight', 'ACD.ACD_Denoiser.layers_pose_condition.feed_forward.pwff_layer.3.bias', 'ACD.ACD_Denoiser.layers_pose_condition.feed_forward.pwff_layer.3.weight', 'ACD.ACD_Denoiser.layers_pose_condition.src_trg_att.k_layer.bias', 'ACD.ACD_Denoiser.layers_pose_condition.src_trg_att.k_layer.weight', 'ACD.ACD_Denoiser.layers_pose_condition.src_trg_att.output_layer.bias', 'ACD.ACD_Denoiser.layers_pose_condition.src_trg_att.output_layer.weight', 'ACD.ACD_Denoiser.layers_pose_condition.src_trg_att.q_layer.bias', 'ACD.ACD_Denoiser.layers_pose_condition.src_trg_att.q_layer.weight', 'ACD.ACD_Denoiser.layers_pose_condition.src_trg_att.v_layer.bias', 'ACD.ACD_Denoiser.layers_pose_condition.src_trg_att.v_layer.weight', 'ACD.ACD_Denoiser.layers_pose_condition.trg_trg_att.k_layer.bias', 'ACD.ACD_Denoiser.layers_pose_condition.trg_trg_att.k_layer.weight', 'ACD.ACD_Denoiser.layers_pose_condition.trg_trg_att.output_layer.bias', 'ACD.ACD_Denoiser.layers_pose_condition.trg_trg_att.output_layer.weight', 'ACD.ACD_Denoiser.layers_pose_condition.trg_trg_att.q_layer.bias', 'ACD.ACD_Denoiser.layers_pose_condition.trg_trg_att.q_layer.weight', 'ACD.ACD_Denoiser.layers_pose_condition.trg_trg_att.v_layer.bias', 'ACD.ACD_Denoiser.layers_pose_condition.trg_trg_att.v_layer.weight', 'ACD.ACD_Denoiser.layers_pose_condition.x_layer_norm.bias', 'ACD.ACD_Denoiser.layers_pose_condition.x_layer_norm.weight', 'ACD.ACD_Denoiser.o1_embed.bias', 'ACD.ACD_Denoiser.o1_embed.weight', 'ACD.ACD_Denoiser.o2_embed.bias', 'ACD.ACD_Denoiser.o2_embed.weight', 'ACD.ACD_Denoiser.output_layer.weight', 'ACD.ACD_Denoiser.output_layer_mid.weight', 'ACD.ACD_Denoiser.time_mlp.1.bias', 'ACD.ACD_Denoiser.time_mlp.1.weight', 'ACD.ACD_Denoiser.time_mlp.3.bias', 'ACD.ACD_Denoiser.time_mlp.3.weight', 'ACD.ACD_Denoiser.trg_embed.bias', 'ACD.ACD_Denoiser.trg_embed.weight', 'ACD.fusion_layer.bias', 'ACD.fusion_layer.weight', 'ACD.mixste_encoder.STEblocks.0.attn.proj.bias', 'ACD.mixste_encoder.STEblocks.0.attn.proj.weight', 'ACD.mixste_encoder.STEblocks.0.attn.qkv.bias', 'ACD.mixste_encoder.STEblocks.0.attn.qkv.weight', 'ACD.mixste_encoder.STEblocks.0.mlp.fc1.bias', 'ACD.mixste_encoder.STEblocks.0.mlp.fc1.weight', 'ACD.mixste_encoder.STEblocks.0.mlp.fc2.bias', 'ACD.mixste_encoder.STEblocks.0.mlp.fc2.weight', 'ACD.mixste_encoder.STEblocks.0.norm1.bias', 'ACD.mixste_encoder.STEblocks.0.norm1.weight', 'ACD.mixste_encoder.STEblocks.0.norm2.bias', 'ACD.mixste_encoder.STEblocks.0.norm2.weight', 'ACD.mixste_encoder.Spatial_norm.bias', 'ACD.mixste_encoder.Spatial_norm.weight', 'ACD.mixste_encoder.Spatial_patch_to_embedding.bias', 'ACD.mixste_encoder.Spatial_patch_to_embedding.weight', 'ACD.mixste_encoder.Spatial_pos_embed', 'ACD.mixste_encoder.TTEblocks.0.attn.proj.bias', 'ACD.mixste_encoder.TTEblocks.0.attn.proj.weight', 'ACD.mixste_encoder.TTEblocks.0.attn.qkv.bias', 'ACD.mixste_encoder.TTEblocks.0.attn.qkv.weight', 'ACD.mixste_encoder.TTEblocks.0.mlp.fc1.bias', 'ACD.mixste_encoder.TTEblocks.0.mlp.fc1.weight', 'ACD.mixste_encoder.TTEblocks.0.mlp.fc2.bias', 'ACD.mixste_encoder.TTEblocks.0.mlp.fc2.weight', 'ACD.mixste_encoder.TTEblocks.0.norm1.bias', 'ACD.mixste_encoder.TTEblocks.0.norm1.weight', 'ACD.mixste_encoder.TTEblocks.0.norm2.bias', 'ACD.mixste_encoder.TTEblocks.0.norm2.weight', 'ACD.mixste_encoder.Temporal_norm.bias', 'ACD.mixste_encoder.Temporal_norm.weight', 'ACD.mixste_encoder._temporal_pos_embed', 'ACD.mixste_encoder.output_proj.0.bias', 'ACD.mixste_encoder.output_proj.0.weight', 'ACD.mixste_encoder.output_proj.1.bias', 'ACD.mixste_encoder.output_proj.1.weight', 'encoder.layer_norm.bias', 'encoder.layer_norm.weight', 'encoder.layers.0.feed_forward.layer_norm.bias', 'encoder.layers.0.feed_forward.layer_norm.weight', 'encoder.layers.0.feed_forward.pwff_layer.0.bias', 'encoder.layers.0.feed_forward.pwff_layer.0.weight', 'encoder.layers.0.feed_forward.pwff_layer.3.bias', 'encoder.layers.0.feed_forward.pwff_layer.3.weight', 'encoder.layers.0.layer_norm.bias', 'encoder.layers.0.layer_norm.weight', 'encoder.layers.0.src_src_att.k_layer.bias', 'encoder.layers.0.src_src_att.k_layer.weight', 'encoder.layers.0.src_src_att.output_layer.bias', 'encoder.layers.0.src_src_att.output_layer.weight', 'encoder.layers.0.src_src_att.q_layer.bias', 'encoder.layers.0.src_src_att.q_layer.weight', 'encoder.layers.0.src_src_att.v_layer.bias', 'encoder.layers.0.src_src_att.v_layer.weight', 'encoder.layers.1.feed_forward.layer_norm.bias', 'encoder.layers.1.feed_forward.layer_norm.weight', 'encoder.layers.1.feed_forward.pwff_layer.0.bias', 'encoder.layers.1.feed_forward.pwff_layer.0.weight', 'encoder.layers.1.feed_forward.pwff_layer.3.bias', 'encoder.layers.1.feed_forward.pwff_layer.3.weight', 'encoder.layers.1.layer_norm.bias', 'encoder.layers.1.layer_norm.weight', 'encoder.layers.1.src_src_att.k_layer.bias', 'encoder.layers.1.src_src_att.k_layer.weight', 'encoder.layers.1.src_src_att.output_layer.bias', 'encoder.layers.1.src_src_att.output_layer.weight', 'encoder.layers.1.src_src_att.q_layer.bias', 'encoder.layers.1.src_src_att.q_layer.weight', 'encoder.layers.1.src_src_att.v_layer.bias', 'encoder.layers.1.src_src_att.v_layer.weight', 'src_embed.lut.weight']
2025-12-15 13:46:16,992 Can't find checkpoint in directory None
2025-12-15 13:46:16,992 cfg.data.src                       : gloss
2025-12-15 13:46:16,992 cfg.data.trg                       : skels
2025-12-15 13:46:16,992 cfg.data.files                     : files
2025-12-15 13:46:16,992 cfg.data.train                     : /home/user/Projects/Data/new_phoenix/train
2025-12-15 13:46:16,992 cfg.data.dev                       : /home/user/Projects/Data/new_phoenix/dev
2025-12-15 13:46:16,992 cfg.data.test                      : /home/user/Projects/Data/new_phoenix/test
2025-12-15 13:46:16,992 cfg.data.max_sent_length           : 300
2025-12-15 13:46:16,992 cfg.data.skip_frames               : 1
2025-12-15 13:46:16,992 cfg.data.src_vocab                 : /home/user/Projects/research/Sign-IDD-VAE/Configs/src_vocab.txt
2025-12-15 13:46:16,992 cfg.training.random_seed           : 27
2025-12-15 13:46:16,992 cfg.training.optimizer             : adam
2025-12-15 13:46:16,992 cfg.training.learning_rate         : 0.001
2025-12-15 13:46:16,992 cfg.training.learning_rate_min     : 0.0002
2025-12-15 13:46:16,992 cfg.training.weight_decay          : 0.0
2025-12-15 13:46:16,992 cfg.training.clip_grad_norm        : 5.0
2025-12-15 13:46:16,992 cfg.training.batch_size            : 32
2025-12-15 13:46:16,992 cfg.training.scheduling            : plateau
2025-12-15 13:46:16,992 cfg.training.patience              : 7
2025-12-15 13:46:16,992 cfg.training.decrease_factor       : 0.7
2025-12-15 13:46:16,992 cfg.training.early_stopping_metric : dtw
2025-12-15 13:46:16,992 cfg.training.epochs                : 20000
2025-12-15 13:46:16,992 cfg.training.validation_freq       : 2000
2025-12-15 13:46:16,992 cfg.training.logging_freq          : 250
2025-12-15 13:46:16,993 cfg.training.eval_metric           : dtw
2025-12-15 13:46:16,993 cfg.training.model_dir             : ./Models/Sign-MixSTE-IDD
2025-12-15 13:46:16,993 cfg.training.overwrite             : False
2025-12-15 13:46:16,993 cfg.training.continue              : True
2025-12-15 13:46:16,993 cfg.training.shuffle               : True
2025-12-15 13:46:16,993 cfg.training.use_cuda              : True
2025-12-15 13:46:16,993 cfg.training.max_output_length     : 300
2025-12-15 13:46:16,993 cfg.training.keep_last_ckpts       : 1
2025-12-15 13:46:16,993 cfg.training.loss                  : L1
2025-12-15 13:46:16,993 cfg.training.bone_loss             : MSE
2025-12-15 13:46:16,993 cfg.model.initializer              : xavier
2025-12-15 13:46:16,993 cfg.model.bias_initializer         : zeros
2025-12-15 13:46:16,993 cfg.model.embed_initializer        : xavier
2025-12-15 13:46:16,993 cfg.model.trg_size                 : 150
2025-12-15 13:46:16,993 cfg.model.just_count_in            : False
2025-12-15 13:46:16,993 cfg.model.gaussian_noise           : False
2025-12-15 13:46:16,993 cfg.model.noise_rate               : 5
2025-12-15 13:46:16,993 cfg.model.future_prediction        : 0
2025-12-15 13:46:16,993 cfg.model.encoder.type             : transformer
2025-12-15 13:46:16,993 cfg.model.encoder.num_layers       : 2
2025-12-15 13:46:16,993 cfg.model.encoder.num_heads        : 4
2025-12-15 13:46:16,993 cfg.model.encoder.embeddings.embedding_dim : 512
2025-12-15 13:46:16,993 cfg.model.encoder.embeddings.dropout : 0.0
2025-12-15 13:46:16,993 cfg.model.encoder.hidden_size      : 512
2025-12-15 13:46:16,993 cfg.model.encoder.ff_size          : 2048
2025-12-15 13:46:16,993 cfg.model.encoder.dropout          : 0.0
2025-12-15 13:46:16,993 cfg.model.diffusion.timesteps      : 1000
2025-12-15 13:46:16,993 cfg.model.diffusion.sampling_timesteps : 5
2025-12-15 13:46:16,993 cfg.model.diffusion.scale          : 1.0
2025-12-15 13:46:16,993 cfg.model.diffusion.num_layers     : 2
2025-12-15 13:46:16,993 cfg.model.diffusion.num_heads      : 4
2025-12-15 13:46:16,993 cfg.model.diffusion.hidden_size    : 512
2025-12-15 13:46:16,993 cfg.model.diffusion.ff_size        : 2048
2025-12-15 13:46:16,993 cfg.model.diffusion.dropout        : 0.1
2025-12-15 13:46:16,993 cfg.model.diffusion.embeddings.embedding_dim : 512
2025-12-15 13:46:16,993 cfg.model.diffusion.embeddings.dropout : 0.1
2025-12-15 13:46:16,993 cfg.model.mixste.embed_dim         : 512
2025-12-15 13:46:16,993 cfg.model.mixste.depth             : 1
2025-12-15 13:46:16,993 cfg.model.mixste.num_heads         : 4
2025-12-15 13:46:16,993 cfg.model.mixste.mlp_ratio         : 2.0
2025-12-15 13:46:16,993 cfg.model.mixste.drop_rate         : 0.1
2025-12-15 13:46:16,993 cfg.model.mixste.attn_drop_rate    : 0.0
2025-12-15 13:46:16,994 cfg.model.mixste.drop_path_rate    : 0.1
2025-12-15 13:46:16,994 EPOCH 1
2025-12-15 13:49:05,643 Sign-IDD: Iconicity Disentangled Diffusion for Sign Language Production
2025-12-15 13:49:05,645 Total params: 18317305
2025-12-15 13:49:05,645 Trainable parameters: ['ACD.ACD_Denoiser.layer_norm.bias', 'ACD.ACD_Denoiser.layer_norm.weight', 'ACD.ACD_Denoiser.layer_norm_mid.bias', 'ACD.ACD_Denoiser.layer_norm_mid.weight', 'ACD.ACD_Denoiser.layers_mha_ac.dec_layer_norm.bias', 'ACD.ACD_Denoiser.layers_mha_ac.dec_layer_norm.weight', 'ACD.ACD_Denoiser.layers_mha_ac.feed_forward.layer_norm.bias', 'ACD.ACD_Denoiser.layers_mha_ac.feed_forward.layer_norm.weight', 'ACD.ACD_Denoiser.layers_mha_ac.feed_forward.pwff_layer.0.bias', 'ACD.ACD_Denoiser.layers_mha_ac.feed_forward.pwff_layer.0.weight', 'ACD.ACD_Denoiser.layers_mha_ac.feed_forward.pwff_layer.3.bias', 'ACD.ACD_Denoiser.layers_mha_ac.feed_forward.pwff_layer.3.weight', 'ACD.ACD_Denoiser.layers_mha_ac.src_trg_att.k_layer.bias', 'ACD.ACD_Denoiser.layers_mha_ac.src_trg_att.k_layer.weight', 'ACD.ACD_Denoiser.layers_mha_ac.src_trg_att.output_layer.bias', 'ACD.ACD_Denoiser.layers_mha_ac.src_trg_att.output_layer.weight', 'ACD.ACD_Denoiser.layers_mha_ac.src_trg_att.q_layer.bias', 'ACD.ACD_Denoiser.layers_mha_ac.src_trg_att.q_layer.weight', 'ACD.ACD_Denoiser.layers_mha_ac.src_trg_att.v_layer.bias', 'ACD.ACD_Denoiser.layers_mha_ac.src_trg_att.v_layer.weight', 'ACD.ACD_Denoiser.layers_mha_ac.trg_trg_att.k_layer.bias', 'ACD.ACD_Denoiser.layers_mha_ac.trg_trg_att.k_layer.weight', 'ACD.ACD_Denoiser.layers_mha_ac.trg_trg_att.output_layer.bias', 'ACD.ACD_Denoiser.layers_mha_ac.trg_trg_att.output_layer.weight', 'ACD.ACD_Denoiser.layers_mha_ac.trg_trg_att.q_layer.bias', 'ACD.ACD_Denoiser.layers_mha_ac.trg_trg_att.q_layer.weight', 'ACD.ACD_Denoiser.layers_mha_ac.trg_trg_att.v_layer.bias', 'ACD.ACD_Denoiser.layers_mha_ac.trg_trg_att.v_layer.weight', 'ACD.ACD_Denoiser.layers_mha_ac.x_layer_norm.bias', 'ACD.ACD_Denoiser.layers_mha_ac.x_layer_norm.weight', 'ACD.ACD_Denoiser.layers_pose_condition.dec_layer_norm.bias', 'ACD.ACD_Denoiser.layers_pose_condition.dec_layer_norm.weight', 'ACD.ACD_Denoiser.layers_pose_condition.feed_forward.layer_norm.bias', 'ACD.ACD_Denoiser.layers_pose_condition.feed_forward.layer_norm.weight', 'ACD.ACD_Denoiser.layers_pose_condition.feed_forward.pwff_layer.0.bias', 'ACD.ACD_Denoiser.layers_pose_condition.feed_forward.pwff_layer.0.weight', 'ACD.ACD_Denoiser.layers_pose_condition.feed_forward.pwff_layer.3.bias', 'ACD.ACD_Denoiser.layers_pose_condition.feed_forward.pwff_layer.3.weight', 'ACD.ACD_Denoiser.layers_pose_condition.src_trg_att.k_layer.bias', 'ACD.ACD_Denoiser.layers_pose_condition.src_trg_att.k_layer.weight', 'ACD.ACD_Denoiser.layers_pose_condition.src_trg_att.output_layer.bias', 'ACD.ACD_Denoiser.layers_pose_condition.src_trg_att.output_layer.weight', 'ACD.ACD_Denoiser.layers_pose_condition.src_trg_att.q_layer.bias', 'ACD.ACD_Denoiser.layers_pose_condition.src_trg_att.q_layer.weight', 'ACD.ACD_Denoiser.layers_pose_condition.src_trg_att.v_layer.bias', 'ACD.ACD_Denoiser.layers_pose_condition.src_trg_att.v_layer.weight', 'ACD.ACD_Denoiser.layers_pose_condition.trg_trg_att.k_layer.bias', 'ACD.ACD_Denoiser.layers_pose_condition.trg_trg_att.k_layer.weight', 'ACD.ACD_Denoiser.layers_pose_condition.trg_trg_att.output_layer.bias', 'ACD.ACD_Denoiser.layers_pose_condition.trg_trg_att.output_layer.weight', 'ACD.ACD_Denoiser.layers_pose_condition.trg_trg_att.q_layer.bias', 'ACD.ACD_Denoiser.layers_pose_condition.trg_trg_att.q_layer.weight', 'ACD.ACD_Denoiser.layers_pose_condition.trg_trg_att.v_layer.bias', 'ACD.ACD_Denoiser.layers_pose_condition.trg_trg_att.v_layer.weight', 'ACD.ACD_Denoiser.layers_pose_condition.x_layer_norm.bias', 'ACD.ACD_Denoiser.layers_pose_condition.x_layer_norm.weight', 'ACD.ACD_Denoiser.o1_embed.bias', 'ACD.ACD_Denoiser.o1_embed.weight', 'ACD.ACD_Denoiser.o2_embed.bias', 'ACD.ACD_Denoiser.o2_embed.weight', 'ACD.ACD_Denoiser.output_layer.weight', 'ACD.ACD_Denoiser.output_layer_mid.weight', 'ACD.ACD_Denoiser.time_mlp.1.bias', 'ACD.ACD_Denoiser.time_mlp.1.weight', 'ACD.ACD_Denoiser.time_mlp.3.bias', 'ACD.ACD_Denoiser.time_mlp.3.weight', 'ACD.ACD_Denoiser.trg_embed.bias', 'ACD.ACD_Denoiser.trg_embed.weight', 'ACD.fusion_layer.bias', 'ACD.fusion_layer.weight', 'ACD.mixste_encoder.STEblocks.0.attn.proj.bias', 'ACD.mixste_encoder.STEblocks.0.attn.proj.weight', 'ACD.mixste_encoder.STEblocks.0.attn.qkv.bias', 'ACD.mixste_encoder.STEblocks.0.attn.qkv.weight', 'ACD.mixste_encoder.STEblocks.0.mlp.fc1.bias', 'ACD.mixste_encoder.STEblocks.0.mlp.fc1.weight', 'ACD.mixste_encoder.STEblocks.0.mlp.fc2.bias', 'ACD.mixste_encoder.STEblocks.0.mlp.fc2.weight', 'ACD.mixste_encoder.STEblocks.0.norm1.bias', 'ACD.mixste_encoder.STEblocks.0.norm1.weight', 'ACD.mixste_encoder.STEblocks.0.norm2.bias', 'ACD.mixste_encoder.STEblocks.0.norm2.weight', 'ACD.mixste_encoder.Spatial_norm.bias', 'ACD.mixste_encoder.Spatial_norm.weight', 'ACD.mixste_encoder.Spatial_patch_to_embedding.bias', 'ACD.mixste_encoder.Spatial_patch_to_embedding.weight', 'ACD.mixste_encoder.Spatial_pos_embed', 'ACD.mixste_encoder.TTEblocks.0.attn.proj.bias', 'ACD.mixste_encoder.TTEblocks.0.attn.proj.weight', 'ACD.mixste_encoder.TTEblocks.0.attn.qkv.bias', 'ACD.mixste_encoder.TTEblocks.0.attn.qkv.weight', 'ACD.mixste_encoder.TTEblocks.0.mlp.fc1.bias', 'ACD.mixste_encoder.TTEblocks.0.mlp.fc1.weight', 'ACD.mixste_encoder.TTEblocks.0.mlp.fc2.bias', 'ACD.mixste_encoder.TTEblocks.0.mlp.fc2.weight', 'ACD.mixste_encoder.TTEblocks.0.norm1.bias', 'ACD.mixste_encoder.TTEblocks.0.norm1.weight', 'ACD.mixste_encoder.TTEblocks.0.norm2.bias', 'ACD.mixste_encoder.TTEblocks.0.norm2.weight', 'ACD.mixste_encoder.Temporal_norm.bias', 'ACD.mixste_encoder.Temporal_norm.weight', 'ACD.mixste_encoder._temporal_pos_embed', 'ACD.mixste_encoder.output_proj.0.bias', 'ACD.mixste_encoder.output_proj.0.weight', 'ACD.mixste_encoder.output_proj.1.bias', 'ACD.mixste_encoder.output_proj.1.weight', 'encoder.layer_norm.bias', 'encoder.layer_norm.weight', 'encoder.layers.0.feed_forward.layer_norm.bias', 'encoder.layers.0.feed_forward.layer_norm.weight', 'encoder.layers.0.feed_forward.pwff_layer.0.bias', 'encoder.layers.0.feed_forward.pwff_layer.0.weight', 'encoder.layers.0.feed_forward.pwff_layer.3.bias', 'encoder.layers.0.feed_forward.pwff_layer.3.weight', 'encoder.layers.0.layer_norm.bias', 'encoder.layers.0.layer_norm.weight', 'encoder.layers.0.src_src_att.k_layer.bias', 'encoder.layers.0.src_src_att.k_layer.weight', 'encoder.layers.0.src_src_att.output_layer.bias', 'encoder.layers.0.src_src_att.output_layer.weight', 'encoder.layers.0.src_src_att.q_layer.bias', 'encoder.layers.0.src_src_att.q_layer.weight', 'encoder.layers.0.src_src_att.v_layer.bias', 'encoder.layers.0.src_src_att.v_layer.weight', 'encoder.layers.1.feed_forward.layer_norm.bias', 'encoder.layers.1.feed_forward.layer_norm.weight', 'encoder.layers.1.feed_forward.pwff_layer.0.bias', 'encoder.layers.1.feed_forward.pwff_layer.0.weight', 'encoder.layers.1.feed_forward.pwff_layer.3.bias', 'encoder.layers.1.feed_forward.pwff_layer.3.weight', 'encoder.layers.1.layer_norm.bias', 'encoder.layers.1.layer_norm.weight', 'encoder.layers.1.src_src_att.k_layer.bias', 'encoder.layers.1.src_src_att.k_layer.weight', 'encoder.layers.1.src_src_att.output_layer.bias', 'encoder.layers.1.src_src_att.output_layer.weight', 'encoder.layers.1.src_src_att.q_layer.bias', 'encoder.layers.1.src_src_att.q_layer.weight', 'encoder.layers.1.src_src_att.v_layer.bias', 'encoder.layers.1.src_src_att.v_layer.weight', 'src_embed.lut.weight']
2025-12-15 13:49:06,346 Can't find checkpoint in directory None
2025-12-15 13:49:06,346 cfg.data.src                       : gloss
2025-12-15 13:49:06,346 cfg.data.trg                       : skels
2025-12-15 13:49:06,346 cfg.data.files                     : files
2025-12-15 13:49:06,346 cfg.data.train                     : /home/user/Projects/Data/new_phoenix/train
2025-12-15 13:49:06,346 cfg.data.dev                       : /home/user/Projects/Data/new_phoenix/dev
2025-12-15 13:49:06,346 cfg.data.test                      : /home/user/Projects/Data/new_phoenix/test
2025-12-15 13:49:06,346 cfg.data.max_sent_length           : 300
2025-12-15 13:49:06,346 cfg.data.skip_frames               : 1
2025-12-15 13:49:06,346 cfg.data.src_vocab                 : /home/user/Projects/research/Sign-IDD-VAE/Configs/src_vocab.txt
2025-12-15 13:49:06,347 cfg.training.random_seed           : 27
2025-12-15 13:49:06,347 cfg.training.optimizer             : adam
2025-12-15 13:49:06,347 cfg.training.learning_rate         : 0.001
2025-12-15 13:49:06,347 cfg.training.learning_rate_min     : 0.0002
2025-12-15 13:49:06,347 cfg.training.weight_decay          : 0.0
2025-12-15 13:49:06,347 cfg.training.clip_grad_norm        : 5.0
2025-12-15 13:49:06,347 cfg.training.batch_size            : 32
2025-12-15 13:49:06,347 cfg.training.scheduling            : plateau
2025-12-15 13:49:06,347 cfg.training.patience              : 7
2025-12-15 13:49:06,347 cfg.training.decrease_factor       : 0.7
2025-12-15 13:49:06,347 cfg.training.early_stopping_metric : dtw
2025-12-15 13:49:06,347 cfg.training.epochs                : 20000
2025-12-15 13:49:06,347 cfg.training.validation_freq       : 2000
2025-12-15 13:49:06,347 cfg.training.logging_freq          : 250
2025-12-15 13:49:06,347 cfg.training.eval_metric           : dtw
2025-12-15 13:49:06,347 cfg.training.model_dir             : ./Models/Sign-MixSTE-IDD
2025-12-15 13:49:06,347 cfg.training.overwrite             : False
2025-12-15 13:49:06,347 cfg.training.continue              : True
2025-12-15 13:49:06,347 cfg.training.shuffle               : True
2025-12-15 13:49:06,347 cfg.training.use_cuda              : True
2025-12-15 13:49:06,347 cfg.training.max_output_length     : 300
2025-12-15 13:49:06,347 cfg.training.keep_last_ckpts       : 1
2025-12-15 13:49:06,347 cfg.training.loss                  : L1
2025-12-15 13:49:06,347 cfg.training.bone_loss             : MSE
2025-12-15 13:49:06,347 cfg.model.initializer              : xavier
2025-12-15 13:49:06,347 cfg.model.bias_initializer         : zeros
2025-12-15 13:49:06,347 cfg.model.embed_initializer        : xavier
2025-12-15 13:49:06,347 cfg.model.trg_size                 : 150
2025-12-15 13:49:06,347 cfg.model.just_count_in            : False
2025-12-15 13:49:06,347 cfg.model.gaussian_noise           : False
2025-12-15 13:49:06,347 cfg.model.noise_rate               : 5
2025-12-15 13:49:06,347 cfg.model.future_prediction        : 0
2025-12-15 13:49:06,347 cfg.model.encoder.type             : transformer
2025-12-15 13:49:06,347 cfg.model.encoder.num_layers       : 2
2025-12-15 13:49:06,347 cfg.model.encoder.num_heads        : 4
2025-12-15 13:49:06,347 cfg.model.encoder.embeddings.embedding_dim : 512
2025-12-15 13:49:06,347 cfg.model.encoder.embeddings.dropout : 0.0
2025-12-15 13:49:06,347 cfg.model.encoder.hidden_size      : 512
2025-12-15 13:49:06,347 cfg.model.encoder.ff_size          : 2048
2025-12-15 13:49:06,347 cfg.model.encoder.dropout          : 0.0
2025-12-15 13:49:06,347 cfg.model.diffusion.timesteps      : 1000
2025-12-15 13:49:06,347 cfg.model.diffusion.sampling_timesteps : 5
2025-12-15 13:49:06,347 cfg.model.diffusion.scale          : 1.0
2025-12-15 13:49:06,347 cfg.model.diffusion.num_layers     : 2
2025-12-15 13:49:06,347 cfg.model.diffusion.num_heads      : 4
2025-12-15 13:49:06,347 cfg.model.diffusion.hidden_size    : 512
2025-12-15 13:49:06,348 cfg.model.diffusion.ff_size        : 2048
2025-12-15 13:49:06,348 cfg.model.diffusion.dropout        : 0.1
2025-12-15 13:49:06,348 cfg.model.diffusion.embeddings.embedding_dim : 512
2025-12-15 13:49:06,348 cfg.model.diffusion.embeddings.dropout : 0.1
2025-12-15 13:49:06,348 cfg.model.mixste.embed_dim         : 256
2025-12-15 13:49:06,348 cfg.model.mixste.depth             : 1
2025-12-15 13:49:06,348 cfg.model.mixste.num_heads         : 4
2025-12-15 13:49:06,348 cfg.model.mixste.mlp_ratio         : 2.0
2025-12-15 13:49:06,348 cfg.model.mixste.drop_rate         : 0.1
2025-12-15 13:49:06,348 cfg.model.mixste.attn_drop_rate    : 0.0
2025-12-15 13:49:06,348 cfg.model.mixste.drop_path_rate    : 0.1
2025-12-15 13:49:06,348 EPOCH 1
2025-12-15 13:50:15,628 Epoch   1: total training loss 1.18836
2025-12-15 13:50:15,628 EPOCH 2
2025-12-15 13:50:23,636 Epoch   2 Step:      250 Batch Loss:     0.004809 Tokens per Sec:  2742681, Lr: 0.001000
2025-12-15 13:51:24,355 Epoch   2: total training loss 1.23585
2025-12-15 13:51:24,355 EPOCH 3
2025-12-15 13:51:41,743 Epoch   3 Step:      500 Batch Loss:     0.005836 Tokens per Sec:  2747840, Lr: 0.001000
2025-12-15 13:52:33,377 Epoch   3: total training loss 1.67005
2025-12-15 13:52:33,377 EPOCH 4
2025-12-15 13:52:59,394 Epoch   4 Step:      750 Batch Loss:     0.005229 Tokens per Sec:  2727404, Lr: 0.001000
2025-12-15 13:53:42,158 Epoch   4: total training loss 1.50458
2025-12-15 13:53:42,158 EPOCH 5
2025-12-15 13:54:17,017 Epoch   5 Step:     1000 Batch Loss:     0.003108 Tokens per Sec:  2741026, Lr: 0.001000
2025-12-15 13:54:51,419 Epoch   5: total training loss 1.24268
2025-12-15 13:54:51,419 EPOCH 6
2025-12-15 13:55:35,054 Epoch   6 Step:     1250 Batch Loss:     0.002307 Tokens per Sec:  2738590, Lr: 0.001000
2025-12-15 13:56:00,502 Epoch   6: total training loss 1.08168
2025-12-15 13:56:00,502 EPOCH 7
2025-12-15 13:56:52,989 Epoch   7 Step:     1500 Batch Loss:     0.002068 Tokens per Sec:  2728973, Lr: 0.001000
2025-12-15 13:57:09,501 Epoch   7: total training loss 0.71056
2025-12-15 13:57:09,501 EPOCH 8
2025-12-15 13:58:10,568 Epoch   8 Step:     1750 Batch Loss:     0.002326 Tokens per Sec:  2741611, Lr: 0.001000
2025-12-15 13:58:18,631 Epoch   8: total training loss 0.91707
2025-12-15 13:58:18,632 EPOCH 9
